This is XeTeX, Version 3.141592653-2.6-0.999994 (MiKTeX 22.10) (preloaded format=xelatex 2023.1.13)  1 SEP 2023 18:44
entering extended mode
 restricted \write18 enabled.
 %&-line parsing enabled.
**./thesis.tex
(thesis.tex
LaTeX2e <2022-06-01> patch level 5
L3 programming layer <2022-09-28>
(C:\Users\Amir\AppData\Local\Programs\MiKTeX\tex/latex/base\book.cls
Document Class: book 2021/10/04 v1.4n Standard LaTeX document class
(C:\Users\Amir\AppData\Local\Programs\MiKTeX\tex/latex/base\bk12.clo
File: bk12.clo 2021/10/04 v1.4n Standard LaTeX file (size option)
)
\c@part=\count181
\c@chapter=\count182
\c@section=\count183
\c@subsection=\count184
\c@subsubsection=\count185
\c@paragraph=\count186
\c@subparagraph=\count187
\c@figure=\count188
\c@table=\count189
\abovecaptionskip=\skip47
\belowcaptionskip=\skip48
\bibindent=\dimen138
)
(styles/common.tex
(C:\Users\Amir\AppData\Local\Programs\MiKTeX\tex/latex/amsfonts\amssymb.sty
Package: amssymb 2013/01/14 v3.01 AMS font symbols

(C:\Users\Amir\AppData\Local\Programs\MiKTeX\tex/latex/amsfonts\amsfonts.sty
Package: amsfonts 2013/01/14 v3.01 Basic AMSFonts support
\@emptytoks=\toks16
\symAMSa=\mathgroup4
\symAMSb=\mathgroup5
LaTeX Font Info:    Redeclaring math symbol \hbar on input line 98.
LaTeX Font Info:    Overwriting math alphabet `\mathfrak' in version `bold'
(Font)                  U/euf/m/n --> U/euf/b/n on input line 106.
))
(C:\Users\Amir\AppData\Local\Programs\MiKTeX\tex/latex/amsmath\amsmath.sty
Package: amsmath 2022/04/08 v2.17n AMS math features
\@mathmargin=\skip49

For additional information on amsmath, use the `?' option.
(C:\Users\Amir\AppData\Local\Programs\MiKTeX\tex/latex/amsmath\amstext.sty
Package: amstext 2021/08/26 v2.01 AMS text

(C:\Users\Amir\AppData\Local\Programs\MiKTeX\tex/latex/amsmath\amsgen.sty
File: amsgen.sty 1999/11/30 v2.0 generic functions
\@emptytoks=\toks17
\ex@=\dimen139
))
(C:\Users\Amir\AppData\Local\Programs\MiKTeX\tex/latex/amsmath\amsbsy.sty
Package: amsbsy 1999/11/29 v1.2d Bold Symbols
\pmbraise@=\dimen140
)
(C:\Users\Amir\AppData\Local\Programs\MiKTeX\tex/latex/amsmath\amsopn.sty
Package: amsopn 2022/04/08 v2.04 operator names
)
\inf@bad=\count190
LaTeX Info: Redefining \frac on input line 234.
\uproot@=\count191
\leftroot@=\count192
LaTeX Info: Redefining \overline on input line 399.
LaTeX Info: Redefining \colon on input line 410.
\classnum@=\count193
\DOTSCASE@=\count194
LaTeX Info: Redefining \ldots on input line 496.
LaTeX Info: Redefining \dots on input line 499.
LaTeX Info: Redefining \cdots on input line 620.
\Mathstrutbox@=\box51
\strutbox@=\box52
LaTeX Info: Redefining \big on input line 722.
LaTeX Info: Redefining \Big on input line 723.
LaTeX Info: Redefining \bigg on input line 724.
LaTeX Info: Redefining \Bigg on input line 725.
\big@size=\dimen141
LaTeX Font Info:    Redeclaring font encoding OML on input line 743.
LaTeX Font Info:    Redeclaring font encoding OMS on input line 744.
\macc@depth=\count195
LaTeX Info: Redefining \bmod on input line 905.
LaTeX Info: Redefining \pmod on input line 910.
LaTeX Info: Redefining \smash on input line 940.
LaTeX Info: Redefining \relbar on input line 970.
LaTeX Info: Redefining \Relbar on input line 971.
\c@MaxMatrixCols=\count196
\dotsspace@=\muskip16
\c@parentequation=\count197
\dspbrk@lvl=\count198
\tag@help=\toks18
\row@=\count199
\column@=\count266
\maxfields@=\count267
\andhelp@=\toks19
\eqnshift@=\dimen142
\alignsep@=\dimen143
\tagshift@=\dimen144
\tagwidth@=\dimen145
\totwidth@=\dimen146
\lineht@=\dimen147
\@envbody=\toks20
\multlinegap=\skip50
\multlinetaggap=\skip51
\mathdisplay@stack=\toks21
LaTeX Info: Redefining \[ on input line 2953.
LaTeX Info: Redefining \] on input line 2954.
)
(C:\Users\Amir\AppData\Local\Programs\MiKTeX\tex/latex/mathtools\mathtools.sty
Package: mathtools 2022/06/29 v1.29 mathematical typesetting tools

(C:\Users\Amir\AppData\Local\Programs\MiKTeX\tex/latex/graphics\keyval.sty
Package: keyval 2022/05/29 v1.15 key=value parser (DPC)
\KV@toks@=\toks22
)
(C:\Users\Amir\AppData\Local\Programs\MiKTeX\tex/latex/tools\calc.sty
Package: calc 2017/05/25 v4.3 Infix arithmetic (KKT,FJ)
\calc@Acount=\count268
\calc@Bcount=\count269
\calc@Adimen=\dimen148
\calc@Bdimen=\dimen149
\calc@Askip=\skip52
\calc@Bskip=\skip53
LaTeX Info: Redefining \setlength on input line 80.
LaTeX Info: Redefining \addtolength on input line 81.
\calc@Ccount=\count270
\calc@Cskip=\skip54
)
(C:\Users\Amir\AppData\Local\Programs\MiKTeX\tex/latex/mathtools\mhsetup.sty
Package: mhsetup 2021/03/18 v1.4 programming setup (MH)
)
\g_MT_multlinerow_int=\count271
\l_MT_multwidth_dim=\dimen150
\origjot=\skip55
\l_MT_shortvdotswithinadjustabove_dim=\dimen151
\l_MT_shortvdotswithinadjustbelow_dim=\dimen152
\l_MT_above_intertext_sep=\dimen153
\l_MT_below_intertext_sep=\dimen154
\l_MT_above_shortintertext_sep=\dimen155
\l_MT_below_shortintertext_sep=\dimen156
\xmathstrut@box=\box53
\xmathstrut@dim=\dimen157
)
(C:\Users\Amir\AppData\Local\Programs\MiKTeX\tex/latex/hyperref\hyperref.sty
Package: hyperref 2022-09-22 v7.00t Hypertext links for LaTeX

(C:\Users\Amir\AppData\Local\Programs\MiKTeX\tex/generic/ltxcmds\ltxcmds.sty
Package: ltxcmds 2020-05-10 v1.25 LaTeX kernel commands for general use (HO)
)
(C:\Users\Amir\AppData\Local\Programs\MiKTeX\tex/generic/iftex\iftex.sty
Package: iftex 2022/02/03 v1.0f TeX engine tests
)
(C:\Users\Amir\AppData\Local\Programs\MiKTeX\tex/generic/pdftexcmds\pdftexcmds.
sty
Package: pdftexcmds 2020-06-27 v0.33 Utility functions of pdfTeX for LuaTeX (HO
)

(C:\Users\Amir\AppData\Local\Programs\MiKTeX\tex/generic/infwarerr\infwarerr.st
y
Package: infwarerr 2019/12/03 v1.5 Providing info/warning/error messages (HO)
)
Package pdftexcmds Info: \pdf@primitive is available.
Package pdftexcmds Info: \pdf@ifprimitive is available.
Package pdftexcmds Info: \pdfdraftmode not found.
)
(C:\Users\Amir\AppData\Local\Programs\MiKTeX\tex/latex/kvsetkeys\kvsetkeys.sty
Package: kvsetkeys 2022-10-05 v1.19 Key value parser (HO)
)
(C:\Users\Amir\AppData\Local\Programs\MiKTeX\tex/generic/kvdefinekeys\kvdefinek
eys.sty
Package: kvdefinekeys 2019-12-19 v1.6 Define keys (HO)
)
(C:\Users\Amir\AppData\Local\Programs\MiKTeX\tex/generic/pdfescape\pdfescape.st
y
Package: pdfescape 2019/12/09 v1.15 Implements pdfTeX's escape features (HO)
) (C:\Users\Amir\AppData\Local\Programs\MiKTeX\tex/latex/hycolor\hycolor.sty
Package: hycolor 2020-01-27 v1.10 Color options for hyperref/bookmark (HO)
)
(C:\Users\Amir\AppData\Local\Programs\MiKTeX\tex/latex/letltxmacro\letltxmacro.
sty
Package: letltxmacro 2019/12/03 v1.6 Let assignment for LaTeX macros (HO)
) (C:\Users\Amir\AppData\Local\Programs\MiKTeX\tex/latex/auxhook\auxhook.sty
Package: auxhook 2019-12-17 v1.6 Hooks for auxiliary files (HO)
) (C:\Users\Amir\AppData\Local\Programs\MiKTeX\tex/latex/hyperref\nameref.sty
Package: nameref 2022-05-17 v2.50 Cross-referencing by name of section

(C:\Users\Amir\AppData\Local\Programs\MiKTeX\tex/latex/refcount\refcount.sty
Package: refcount 2019/12/15 v3.6 Data extraction from label references (HO)
)
(C:\Users\Amir\AppData\Local\Programs\MiKTeX\tex/generic/gettitlestring\gettitl
estring.sty
Package: gettitlestring 2019/12/15 v1.6 Cleanup title references (HO)

(C:\Users\Amir\AppData\Local\Programs\MiKTeX\tex/latex/kvoptions\kvoptions.sty
Package: kvoptions 2022-06-15 v3.15 Key value format for package options (HO)
))
\c@section@level=\count272
)
\@linkdim=\dimen158
\Hy@linkcounter=\count273
\Hy@pagecounter=\count274
 (C:\Users\Amir\AppData\Local\Programs\MiKTeX\tex/latex/hyperref\pd1enc.def
File: pd1enc.def 2022-09-22 v7.00t Hyperref: PDFDocEncoding definition (HO)
)
(C:\Users\Amir\AppData\Local\Programs\MiKTeX\tex/generic/intcalc\intcalc.sty
Package: intcalc 2019/12/15 v1.3 Expandable calculations with integers (HO)
)
(C:\Users\Amir\AppData\Local\Programs\MiKTeX\tex/generic/etexcmds\etexcmds.sty
Package: etexcmds 2019/12/15 v1.7 Avoid name clashes with e-TeX commands (HO)
)
\Hy@SavedSpaceFactor=\count275
(C:\Users\Amir\AppData\Local\Programs\MiKTeX\tex/latex/hyperref\puenc.def
File: puenc.def 2022-09-22 v7.00t Hyperref: PDF Unicode definition (HO)
)
Package hyperref Info: Option `colorlinks' set `true' on input line 4045.
Package hyperref Info: Hyper figures OFF on input line 4162.
Package hyperref Info: Link nesting OFF on input line 4167.
Package hyperref Info: Hyper index ON on input line 4170.
Package hyperref Info: Plain pages OFF on input line 4177.
Package hyperref Info: Backreferencing OFF on input line 4182.
Package hyperref Info: Implicit mode ON; LaTeX internals redefined.
\stockwidth=\dimen159
\stockheight=\dimen160
Package hyperref Info: Bookmarks ON on input line 4410.
\c@Hy@tempcnt=\count276

(C:\Users\Amir\AppData\Local\Programs\MiKTeX\tex/latex/url\url.sty
\Urlmuskip=\muskip17
Package: url 2013/09/16  ver 3.4  Verb mode for urls, etc.
)
LaTeX Info: Redefining \url on input line 4748.
\XeTeXLinkMargin=\dimen161

(C:\Users\Amir\AppData\Local\Programs\MiKTeX\tex/generic/bitset\bitset.sty
Package: bitset 2019/12/09 v1.3 Handle bit-vector datatype (HO)

(C:\Users\Amir\AppData\Local\Programs\MiKTeX\tex/generic/bigintcalc\bigintcalc.
sty
Package: bigintcalc 2019/12/15 v1.5 Expandable calculations on big integers (HO
)
))
\Fld@menulength=\count277
\Field@Width=\dimen162
\Fld@charsize=\dimen163
Package hyperref Info: Hyper figures OFF on input line 6027.
Package hyperref Info: Link nesting OFF on input line 6032.
Package hyperref Info: Hyper index ON on input line 6035.
Package hyperref Info: backreferencing OFF on input line 6042.
Package hyperref Info: Link coloring ON on input line 6045.
Package hyperref Info: Link coloring with OCG OFF on input line 6052.
Package hyperref Info: PDF/A mode OFF on input line 6057.

(C:\Users\Amir\AppData\Local\Programs\MiKTeX\tex/latex/base\atbegshi-ltx.sty
Package: atbegshi-ltx 2021/01/10 v1.0c Emulation of the original atbegshi
package with kernel methods
)
\Hy@abspage=\count278
\c@Item=\count279
\c@Hfootnote=\count280
)
Package hyperref Info: Driver (autodetected): hxetex.

(C:\Users\Amir\AppData\Local\Programs\MiKTeX\tex/latex/hyperref\hxetex.def
File: hxetex.def 2022-09-22 v7.00t Hyperref driver for XeTeX

(C:\Users\Amir\AppData\Local\Programs\MiKTeX\tex/generic/stringenc\stringenc.st
y
Package: stringenc 2019/11/29 v1.12 Convert strings between diff. encodings (HO
)
)
\pdfm@box=\box54
\c@Hy@AnnotLevel=\count281
\HyField@AnnotCount=\count282
\Fld@listcount=\count283
\c@bookmark@seq@number=\count284

(C:\Users\Amir\AppData\Local\Programs\MiKTeX\tex/latex/rerunfilecheck\rerunfile
check.sty
Package: rerunfilecheck 2022-07-10 v1.10 Rerun checks for auxiliary files (HO)

(C:\Users\Amir\AppData\Local\Programs\MiKTeX\tex/latex/base\atveryend-ltx.sty
Package: atveryend-ltx 2020/08/19 v1.0a Emulation of the original atveryend pac
kage
with kernel methods
)
(C:\Users\Amir\AppData\Local\Programs\MiKTeX\tex/generic/uniquecounter\uniqueco
unter.sty
Package: uniquecounter 2019/12/15 v1.4 Provide unlimited unique counter (HO)
)
Package uniquecounter Info: New unique counter `rerunfilecheck' on input line 2
85.
)
\Hy@SectionHShift=\skip56
)
(C:\Users\Amir\AppData\Local\Programs\MiKTeX\tex/latex/pstricks\pstricks.sty
Package: pstricks 2022/19/23 v0.72 LaTeX wrapper for `PSTricks' (RN,HV)

(C:\Users\Amir\AppData\Local\Programs\MiKTeX\tex/latex/xcolor\xcolor.sty
Package: xcolor 2022/06/12 v2.14 LaTeX color extensions (UK)

(C:\Users\Amir\AppData\Local\Programs\MiKTeX\tex/latex/graphics-cfg\color.cfg
File: color.cfg 2016/01/02 v1.6 sample color configuration
)
Package xcolor Info: Package option `usenames' ignored on input line 218.
Package xcolor Info: Driver file: xetex.def on input line 227.

(C:\Users\Amir\AppData\Local\Programs\MiKTeX\tex/latex/graphics-def\xetex.def
File: xetex.def 2022/09/22 v5.0n Graphics/color driver for xetex
)
(C:\Users\Amir\AppData\Local\Programs\MiKTeX\tex/latex/graphics\mathcolor.ltx)
Package xcolor Info: Model `cmy' substituted by `cmy0' on input line 1353.
Package xcolor Info: Model `RGB' extended on input line 1369.
Package xcolor Info: Model `HTML' substituted by `rgb' on input line 1371.
Package xcolor Info: Model `Hsb' substituted by `hsb' on input line 1372.
Package xcolor Info: Model `tHsb' substituted by `hsb' on input line 1373.
Package xcolor Info: Model `HSB' substituted by `hsb' on input line 1374.
Package xcolor Info: Model `Gray' substituted by `gray' on input line 1375.
Package xcolor Info: Model `wave' substituted by `hsb' on input line 1376.

(C:\Users\Amir\AppData\Local\Programs\MiKTeX\tex/latex/graphics\dvipsnam.def
File: dvipsnam.def 2016/06/17 v3.0m Driver-dependent file (DPC,SPQR)
))
(C:\Users\Amir\AppData\Local\Programs\MiKTeX\tex/generic/xkeyval\pst-xkey.tex
File: pst-xkey.tex 2005/11/25 v1.6 PSTricks specialization of xkeyval (HA)

(C:\Users\Amir\AppData\Local\Programs\MiKTeX\tex/latex/xkeyval\xkeyval.sty
Package: xkeyval 2022/06/16 v2.9 package option processing (HA)

(C:\Users\Amir\AppData\Local\Programs\MiKTeX\tex/generic/xkeyval\xkeyval.tex
(C:\Users\Amir\AppData\Local\Programs\MiKTeX\tex/generic/xkeyval\xkvutils.tex
\XKV@toks=\toks23
\XKV@tempa@toks=\toks24
)
\XKV@depth=\count285
File: xkeyval.tex 2014/12/03 v2.7a key=value parser (HA)
)))
(C:\Users\Amir\AppData\Local\Programs\MiKTeX\tex/generic/pstricks\pstricks.tex
(C:\Users\Amir\AppData\Local\Programs\MiKTeX\tex/generic/pstricks\pst-fp.tex
`pst-fp' v0.06, 2020/11/20 (hv)
\pstFP@xs=\count286
\pstFP@xia=\count287
\pstFP@xib=\count288
\pstFP@xfa=\count289
\pstFP@xfb=\count290
\pstFP@rega=\count291
\pstFP@regb=\count292
\pstFP@regs=\count293
\pstFP@times=\count294
)
(C:\Users\Amir\AppData\Local\Programs\MiKTeX\tex/latex/pgf/utilities\pgffor.sty

(C:\Users\Amir\AppData\Local\Programs\MiKTeX\tex/latex/pgf/utilities\pgfrcs.sty

(C:\Users\Amir\AppData\Local\Programs\MiKTeX\tex/generic/pgf/utilities\pgfutil-
common.tex
\pgfutil@everybye=\toks25
\pgfutil@tempdima=\dimen164
\pgfutil@tempdimb=\dimen165

(C:\Users\Amir\AppData\Local\Programs\MiKTeX\tex/generic/pgf/utilities\pgfutil-
common-lists.tex))
(C:\Users\Amir\AppData\Local\Programs\MiKTeX\tex/generic/pgf/utilities\pgfutil-
latex.def
\pgfutil@abb=\box55
)
(C:\Users\Amir\AppData\Local\Programs\MiKTeX\tex/generic/pgf/utilities\pgfrcs.c
ode.tex
(C:\Users\Amir\AppData\Local\Programs\MiKTeX\tex/generic/pgf\pgf.revision.tex)
Package: pgfrcs 2021/05/15 v3.1.9a (3.1.9a)
))
(C:\Users\Amir\AppData\Local\Programs\MiKTeX\tex/latex/pgf/utilities\pgfkeys.st
y
(C:\Users\Amir\AppData\Local\Programs\MiKTeX\tex/generic/pgf/utilities\pgfkeys.
code.tex
\pgfkeys@pathtoks=\toks26
\pgfkeys@temptoks=\toks27

(C:\Users\Amir\AppData\Local\Programs\MiKTeX\tex/generic/pgf/utilities\pgfkeysf
iltered.code.tex
\pgfkeys@tmptoks=\toks28
)))
(C:\Users\Amir\AppData\Local\Programs\MiKTeX\tex/latex/pgf/math\pgfmath.sty
(C:\Users\Amir\AppData\Local\Programs\MiKTeX\tex/generic/pgf/math\pgfmath.code.
tex
(C:\Users\Amir\AppData\Local\Programs\MiKTeX\tex/generic/pgf/math\pgfmathcalc.c
ode.tex
(C:\Users\Amir\AppData\Local\Programs\MiKTeX\tex/generic/pgf/math\pgfmathutil.c
ode.tex
\pgf@x=\dimen166
\pgf@xa=\dimen167
\pgf@xb=\dimen168
\pgf@xc=\dimen169
\pgf@y=\dimen170
\pgf@ya=\dimen171
\pgf@yb=\dimen172
\pgf@yc=\dimen173
\c@pgf@counta=\count295
\c@pgf@countb=\count296
\c@pgf@countc=\count297
\c@pgf@countd=\count298
)
(C:\Users\Amir\AppData\Local\Programs\MiKTeX\tex/generic/pgf/math\pgfmathparser
.code.tex
\pgfmath@dimen=\dimen174
\pgfmath@count=\count299
\pgfmath@box=\box56
\pgfmath@toks=\toks29
\pgfmath@stack@operand=\toks30
\pgfmath@stack@operation=\toks31
)
(C:\Users\Amir\AppData\Local\Programs\MiKTeX\tex/generic/pgf/math\pgfmathfuncti
ons.code.tex
(C:\Users\Amir\AppData\Local\Programs\MiKTeX\tex/generic/pgf/math\pgfmathfuncti
ons.basic.code.tex)
(C:\Users\Amir\AppData\Local\Programs\MiKTeX\tex/generic/pgf/math\pgfmathfuncti
ons.trigonometric.code.tex)
(C:\Users\Amir\AppData\Local\Programs\MiKTeX\tex/generic/pgf/math\pgfmathfuncti
ons.random.code.tex)
(C:\Users\Amir\AppData\Local\Programs\MiKTeX\tex/generic/pgf/math\pgfmathfuncti
ons.comparison.code.tex)
(C:\Users\Amir\AppData\Local\Programs\MiKTeX\tex/generic/pgf/math\pgfmathfuncti
ons.base.code.tex)
(C:\Users\Amir\AppData\Local\Programs\MiKTeX\tex/generic/pgf/math\pgfmathfuncti
ons.round.code.tex)
(C:\Users\Amir\AppData\Local\Programs\MiKTeX\tex/generic/pgf/math\pgfmathfuncti
ons.misc.code.tex)
(C:\Users\Amir\AppData\Local\Programs\MiKTeX\tex/generic/pgf/math\pgfmathfuncti
ons.integerarithmetics.code.tex)))
(C:\Users\Amir\AppData\Local\Programs\MiKTeX\tex/generic/pgf/math\pgfmathfloat.
code.tex
\c@pgfmathroundto@lastzeros=\count300
)))
(C:\Users\Amir\AppData\Local\Programs\MiKTeX\tex/generic/pgf/utilities\pgffor.c
ode.tex
Package: pgffor 2021/05/15 v3.1.9a (3.1.9a)

(C:\Users\Amir\AppData\Local\Programs\MiKTeX\tex/generic/pgf/math\pgfmath.code.
tex)
\pgffor@iter=\dimen175
\pgffor@skip=\dimen176
\pgffor@stack=\toks32
\pgffor@toks=\toks33
))
\psLoopIndex=\count301

`PSTricks' v3.18  <2022/11/28> (tvz,hv)
\pst@dima=\dimen177
\pst@dimb=\dimen178
\pst@dimc=\dimen179
\pst@dimd=\dimen180
\pst@dimg=\dimen181
\pst@dimh=\dimen182
\pst@dimm=\dimen183
\pst@dimn=\dimen184
\pst@dimo=\dimen185
\pst@dimp=\dimen186
\pst@hbox=\box57
\pst@ibox=\box58
\pst@boxg=\box59
\pst@cnta=\count302
\pst@cntb=\count303
\pst@cntc=\count304
\pst@cntd=\count305
\pst@cntg=\count306
\pst@cnth=\count307
\pst@cntm=\count308
\pst@cntn=\count309
\pst@cnto=\count310
\pst@cntp=\count311
\@zero=\count312
\pst@toks=\toks34
--- We are running latex or xelatex ---

(C:\Users\Amir\AppData\Local\Programs\MiKTeX\tex/xelatex/xetex-pstricks\pstrick
s.con
(C:\Users\Amir\AppData\Local\Programs\MiKTeX\tex/generic/pstricks\xdvipdfmx.cfg
))
(C:\Users\Amir\AppData\Local\Programs\MiKTeX\tex/generic/pstricks\pstricks-colo
r.tex)
\psunit=\dimen187
\psxunit=\dimen188
\psyunit=\dimen189
\pst@C@@rType=\count313
\pslinewidth=\dimen190
\psk@startLW=\dimen191
\psk@endLW=\dimen192

(C:\Users\Amir\AppData\Local\Programs\MiKTeX\tex/generic/pstricks\pstricks-arro
ws.tex
\pshooklength=\dimen193
\pshookwidth=\dimen194
)
\pst@customdefs=\toks35

(C:\Users\Amir\AppData\Local\Programs\MiKTeX\tex/generic/pstricks\pstricks-dots
.tex)
\pslinearc=\dimen195
\pst@symbolStep=\dimen196
\pst@symbolWidth=\dimen197
\pst@symbolLinewidth=\dimen198
\everypsbox=\toks36
\psframesep=\dimen199
\pslabelsep=\dimen256
\sh@wgridXunit=\dimen257
\sh@wgridYunit=\dimen258
\pst@shift=\dimen259
\ps@imagectr=\count314

(C:\Users\Amir\AppData\Local\Programs\MiKTeX\tex/xelatex/xetex-pstricks\pstrick
s.con
(C:\Users\Amir\AppData\Local\Programs\MiKTeX\tex/generic/pstricks\xdvipdfmx.cfg
Using PSTricks configuration for LaTeX+dvipdfmx
)))
File: pstricks.tex 2022/11/28 v3.18 `PSTricks' (tvz,hv)

(C:\Users\Amir\AppData\Local\Programs\MiKTeX\tex/generic/pstricks\pst-fp.tex
`pst-fp' v0.06, 2020/11/20 (hv))
File: pst-fp.tex 2020/11/20 v0.06 `PST-fp' (hv)

>>> Loading XeTeX special macros

(C:\Users\Amir\AppData\Local\Programs\MiKTeX\tex/generic/pstricks\pstricks-xete
x.def))
(C:\Users\Amir\AppData\Local\Programs\MiKTeX\tex/latex/graphics\graphicx.sty
Package: graphicx 2021/09/16 v1.2d Enhanced LaTeX Graphics (DPC,SPQR)

(C:\Users\Amir\AppData\Local\Programs\MiKTeX\tex/latex/graphics\graphics.sty
Package: graphics 2022/03/10 v1.4e Standard LaTeX Graphics (DPC,SPQR)

(C:\Users\Amir\AppData\Local\Programs\MiKTeX\tex/latex/graphics\trig.sty
Package: trig 2021/08/11 v1.11 sin cos tan (DPC)
)
(C:\Users\Amir\AppData\Local\Programs\MiKTeX\tex/latex/graphics-cfg\graphics.cf
g
File: graphics.cfg 2016/06/04 v1.11 sample graphics configuration
)
Package graphics Info: Driver file: xetex.def on input line 107.
)
\Gin@req@height=\dimen260
\Gin@req@width=\dimen261
)
(C:\Users\Amir\AppData\Local\Programs\MiKTeX\tex/latex/subfigure\subfigure.sty
Package: subfigure 2002/07/30 v2.1.4 subfigure package
\subfigtopskip=\skip57
\subfigcapskip=\skip58
\subfigcaptopadj=\dimen262
\subfigbottomskip=\skip59
\subfigcapmargin=\dimen263
\subfiglabelskip=\skip60
\c@subfigure=\count315
\c@lofdepth=\count316
\c@subtable=\count317
\c@lotdepth=\count318

****************************************
* Local config file subfigure.cfg used *
****************************************
(C:\Users\Amir\AppData\Local\Programs\MiKTeX\tex/latex/subfigure\subfigure.cfg)
\subfig@top=\skip61
\subfig@bottom=\skip62
) (C:\Users\Amir\AppData\Local\Programs\MiKTeX\tex/latex/wrapfig\wrapfig.sty
\wrapoverhang=\dimen264
\WF@size=\dimen265
\c@WF@wrappedlines=\count319
\WF@box=\box60
\WF@everypar=\toks37
Package: wrapfig 2003/01/31  v 3.6
)
(C:\Users\Amir\AppData\Local\Programs\MiKTeX\tex/latex/geometry\geometry.sty
Package: geometry 2020/01/02 v5.9 Page Geometry

(C:\Users\Amir\AppData\Local\Programs\MiKTeX\tex/generic/iftex\ifvtex.sty
Package: ifvtex 2019/10/25 v1.7 ifvtex legacy package. Use iftex instead.
)
\Gm@cnth=\count320
\Gm@cntv=\count321
\c@Gm@tempcnt=\count322
\Gm@bindingoffset=\dimen266
\Gm@wd@mp=\dimen267
\Gm@odd@mp=\dimen268
\Gm@even@mp=\dimen269
\Gm@layoutwidth=\dimen270
\Gm@layoutheight=\dimen271
\Gm@layouthoffset=\dimen272
\Gm@layoutvoffset=\dimen273
\Gm@dimlist=\toks38

(C:\Users\Amir\AppData\Local\Programs\MiKTeX\tex/latex/geometry\geometry.cfg))
(C:\Users\Amir\AppData\Local\Programs\MiKTeX\tex/latex/enumitem\enumitem.sty
Package: enumitem 2019/06/20 v3.9 Customized lists
\labelindent=\skip63
\enit@outerparindent=\dimen274
\enit@toks=\toks39
\enit@inbox=\box61
\enit@count@id=\count323
\enitdp@description=\count324
)
(C:\Users\Amir\AppData\Local\Programs\MiKTeX\tex/latex/amsfonts\euscript.sty
Package: euscript 2009/06/22 v3.00 Euler Script fonts
LaTeX Font Info:    Overwriting math alphabet `\EuScript' in version `bold'
(Font)                  U/eus/m/n --> U/eus/b/n on input line 33.
)
(C:\Users\Amir\AppData\Local\Programs\MiKTeX\tex/latex/tools\multicol.sty
Package: multicol 2021/11/30 v1.9d multicolumn formatting (FMi)
\c@tracingmulticols=\count325
\mult@box=\box62
\multicol@leftmargin=\dimen275
\c@unbalance=\count326
\c@collectmore=\count327
\doublecol@number=\count328
\multicoltolerance=\count329
\multicolpretolerance=\count330
\full@width=\dimen276
\page@free=\dimen277
\premulticols=\dimen278
\postmulticols=\dimen279
\multicolsep=\skip64
\multicolbaselineskip=\skip65
\partial@page=\box63
\last@line=\box64
\maxbalancingoverflow=\dimen280
\mult@rightbox=\box65
\mult@grightbox=\box66
\mult@firstbox=\box67
\mult@gfirstbox=\box68
\@tempa=\box69
\@tempa=\box70
\@tempa=\box71
\@tempa=\box72
\@tempa=\box73
\@tempa=\box74
\@tempa=\box75
\@tempa=\box76
\@tempa=\box77
\@tempa=\box78
\@tempa=\box79
\@tempa=\box80
\@tempa=\box81
\@tempa=\box82
\@tempa=\box83
\@tempa=\box84
\@tempa=\box85
\@tempa=\box86
\@tempa=\box87
\@tempa=\box88
\@tempa=\box89
\@tempa=\box90
\@tempa=\box91
\@tempa=\box92
\@tempa=\box93
\@tempa=\box94
\@tempa=\box95
\@tempa=\box96
\@tempa=\box97
\@tempa=\box98
\@tempa=\box99
\@tempa=\box100
\@tempa=\box101
\@tempa=\box102
\@tempa=\box103
\@tempa=\box104
\c@minrows=\count331
\c@columnbadness=\count332
\c@finalcolumnbadness=\count333
\last@try=\dimen281
\multicolovershoot=\dimen282
\multicolundershoot=\dimen283
\mult@nat@firstbox=\box105
\colbreak@box=\box106
\mc@col@check@num=\count334
)
(C:\Users\Amir\AppData\Local\Programs\MiKTeX\tex/latex/multirow\multirow.sty
Package: multirow 2021/03/15 v2.8 Span multiple rows of a table
\multirow@colwidth=\skip66
\multirow@cntb=\count335
\multirow@dima=\skip67
\bigstrutjot=\dimen284
)
(C:\Users\Amir\AppData\Local\Programs\MiKTeX\tex/latex/oberdiek\stackrel.sty
Package: stackrel 2016/05/16 v1.3 Adding subscript option to stackrel (HO)
)
(C:\Users\Amir\AppData\Local\Programs\MiKTeX\tex/latex/oberdiek\centernot.sty
Package: centernot 2016/05/16 v1.4 Centers the not symbol horizontally (HO)
)
(C:\Users\Amir\AppData\Local\Programs\MiKTeX\tex/latex/caption\caption.sty
Package: caption 2022/03/01 v3.6b Customizing captions (AR)

(C:\Users\Amir\AppData\Local\Programs\MiKTeX\tex/latex/caption\caption3.sty
Package: caption3 2022/03/17 v2.3b caption3 kernel (AR)
\caption@tempdima=\dimen285
\captionmargin=\dimen286
\caption@leftmargin=\dimen287
\caption@rightmargin=\dimen288
\caption@width=\dimen289
\caption@indent=\dimen290
\caption@parindent=\dimen291
\caption@hangindent=\dimen292
Package caption Info: Standard document class detected.
)
\c@caption@flags=\count336
\c@continuedfloat=\count337
Package caption Info: hyperref package is loaded.
Package caption Info: subfigure package is loaded.
Package caption Info: wrapfig package is loaded.
)
(C:\Users\Amir\AppData\Local\Programs\MiKTeX\tex/latex/makecell\makecell.sty
Package: makecell 2009/08/03 V0.1e Managing of Tab Column Heads and Cells

(C:\Users\Amir\AppData\Local\Programs\MiKTeX\tex/latex/tools\array.sty
Package: array 2022/03/10 v2.5f Tabular extension package (FMi)
\col@sep=\dimen293
\ar@mcellbox=\box107
\extrarowheight=\dimen294
\NC@list=\toks40
\extratabsurround=\skip68
\backup@length=\skip69
\ar@cellbox=\box108
)
\rotheadsize=\dimen295
\c@nlinenum=\count338
\TeXr@lab=\toks41
)
(C:\Users\Amir\AppData\Local\Programs\MiKTeX\tex/latex/algorithmicx\algorithmic
x.sty
Package: algorithmicx 2005/04/27 v1.2 Algorithmicx
 (C:\Users\Amir\AppData\Local\Programs\MiKTeX\tex/latex/base\ifthen.sty
Package: ifthen 2022/04/13 v1.1d Standard LaTeX ifthen package (DPC)
)
Document Style algorithmicx 1.2 - a greatly improved `algorithmic' style
\c@ALG@line=\count339
\c@ALG@rem=\count340
\c@ALG@nested=\count341
\ALG@tlm=\skip70
\ALG@thistlm=\skip71
\c@ALG@Lnr=\count342
\c@ALG@blocknr=\count343
\c@ALG@storecount=\count344
\c@ALG@tmpcounter=\count345
\ALG@tmplength=\skip72
)
(C:\Users\Amir\AppData\Local\Programs\MiKTeX\tex/latex/algorithms\algorithm.sty
Invalid UTF-8 byte or sequence at line 11 replaced by U+FFFD.
Package: algorithm 2009/08/24 v0.1 Document Style `algorithm' - floating enviro
nment
(C:\Users\Amir\AppData\Local\Programs\MiKTeX\tex/latex/float\float.sty
Package: float 2001/11/08 v1.3d Float enhancements (AL)
\c@float@type=\count346
\float@exts=\toks42
\float@box=\box109
\@float@everytoks=\toks43
\@floatcapt=\box110
)
\@float@every@algorithm=\toks44
\c@algorithm=\count347
)
(C:\Users\Amir\AppData\Local\Programs\MiKTeX\tex/latex/pgf/frontendlayer\tikz.s
ty
(C:\Users\Amir\AppData\Local\Programs\MiKTeX\tex/latex/pgf/basiclayer\pgf.sty
Package: pgf 2021/05/15 v3.1.9a (3.1.9a)

(C:\Users\Amir\AppData\Local\Programs\MiKTeX\tex/latex/pgf/basiclayer\pgfcore.s
ty
(C:\Users\Amir\AppData\Local\Programs\MiKTeX\tex/latex/pgf/systemlayer\pgfsys.s
ty
(C:\Users\Amir\AppData\Local\Programs\MiKTeX\tex/generic/pgf/systemlayer\pgfsys
.code.tex
Package: pgfsys 2021/05/15 v3.1.9a (3.1.9a)

(C:\Users\Amir\AppData\Local\Programs\MiKTeX\tex/generic/pgf/utilities\pgfkeys.
code.tex)
\pgf@x=\dimen296
\pgf@y=\dimen297
\pgf@xa=\dimen298
\pgf@ya=\dimen299
\pgf@xb=\dimen300
\pgf@yb=\dimen301
\pgf@xc=\dimen302
\pgf@yc=\dimen303
\pgf@xd=\dimen304
\pgf@yd=\dimen305
\w@pgf@writea=\write3
\r@pgf@reada=\read2
\c@pgf@counta=\count348
\c@pgf@countb=\count349
\c@pgf@countc=\count350
\c@pgf@countd=\count351
\t@pgf@toka=\toks45
\t@pgf@tokb=\toks46
\t@pgf@tokc=\toks47
\pgf@sys@id@count=\count352

(C:\Users\Amir\AppData\Local\Programs\MiKTeX\tex/generic/pgf/systemlayer\pgf.cf
g
File: pgf.cfg 2021/05/15 v3.1.9a (3.1.9a)
)
Driver file for pgf: pgfsys-xetex.def

(C:\Users\Amir\AppData\Local\Programs\MiKTeX\tex/generic/pgf/systemlayer\pgfsys
-xetex.def
File: pgfsys-xetex.def 2021/05/15 v3.1.9a (3.1.9a)

(C:\Users\Amir\AppData\Local\Programs\MiKTeX\tex/generic/pgf/systemlayer\pgfsys
-dvipdfmx.def
File: pgfsys-dvipdfmx.def 2021/05/15 v3.1.9a (3.1.9a)

(C:\Users\Amir\AppData\Local\Programs\MiKTeX\tex/generic/pgf/systemlayer\pgfsys
-common-pdf.def
File: pgfsys-common-pdf.def 2021/05/15 v3.1.9a (3.1.9a)
)
\pgfsys@objnum=\count353
)))
(C:\Users\Amir\AppData\Local\Programs\MiKTeX\tex/generic/pgf/systemlayer\pgfsys
softpath.code.tex
File: pgfsyssoftpath.code.tex 2021/05/15 v3.1.9a (3.1.9a)
\pgfsyssoftpath@smallbuffer@items=\count354
\pgfsyssoftpath@bigbuffer@items=\count355
)
(C:\Users\Amir\AppData\Local\Programs\MiKTeX\tex/generic/pgf/systemlayer\pgfsys
protocol.code.tex
File: pgfsysprotocol.code.tex 2021/05/15 v3.1.9a (3.1.9a)
))
(C:\Users\Amir\AppData\Local\Programs\MiKTeX\tex/generic/pgf/basiclayer\pgfcore
.code.tex
Package: pgfcore 2021/05/15 v3.1.9a (3.1.9a)

(C:\Users\Amir\AppData\Local\Programs\MiKTeX\tex/generic/pgf/math\pgfmath.code.
tex)
(C:\Users\Amir\AppData\Local\Programs\MiKTeX\tex/generic/pgf/math\pgfint.code.t
ex)
(C:\Users\Amir\AppData\Local\Programs\MiKTeX\tex/generic/pgf/basiclayer\pgfcore
points.code.tex
File: pgfcorepoints.code.tex 2021/05/15 v3.1.9a (3.1.9a)
\pgf@picminx=\dimen306
\pgf@picmaxx=\dimen307
\pgf@picminy=\dimen308
\pgf@picmaxy=\dimen309
\pgf@pathminx=\dimen310
\pgf@pathmaxx=\dimen311
\pgf@pathminy=\dimen312
\pgf@pathmaxy=\dimen313
\pgf@xx=\dimen314
\pgf@xy=\dimen315
\pgf@yx=\dimen316
\pgf@yy=\dimen317
\pgf@zx=\dimen318
\pgf@zy=\dimen319
)
(C:\Users\Amir\AppData\Local\Programs\MiKTeX\tex/generic/pgf/basiclayer\pgfcore
pathconstruct.code.tex
File: pgfcorepathconstruct.code.tex 2021/05/15 v3.1.9a (3.1.9a)
\pgf@path@lastx=\dimen320
\pgf@path@lasty=\dimen321
)
(C:\Users\Amir\AppData\Local\Programs\MiKTeX\tex/generic/pgf/basiclayer\pgfcore
pathusage.code.tex
File: pgfcorepathusage.code.tex 2021/05/15 v3.1.9a (3.1.9a)
\pgf@shorten@end@additional=\dimen322
\pgf@shorten@start@additional=\dimen323
)
(C:\Users\Amir\AppData\Local\Programs\MiKTeX\tex/generic/pgf/basiclayer\pgfcore
scopes.code.tex
File: pgfcorescopes.code.tex 2021/05/15 v3.1.9a (3.1.9a)
\pgfpic=\box111
\pgf@hbox=\box112
\pgf@layerbox@main=\box113
\pgf@picture@serial@count=\count356
)
(C:\Users\Amir\AppData\Local\Programs\MiKTeX\tex/generic/pgf/basiclayer\pgfcore
graphicstate.code.tex
File: pgfcoregraphicstate.code.tex 2021/05/15 v3.1.9a (3.1.9a)
\pgflinewidth=\dimen324
)
(C:\Users\Amir\AppData\Local\Programs\MiKTeX\tex/generic/pgf/basiclayer\pgfcore
transformations.code.tex
File: pgfcoretransformations.code.tex 2021/05/15 v3.1.9a (3.1.9a)
\pgf@pt@x=\dimen325
\pgf@pt@y=\dimen326
\pgf@pt@temp=\dimen327
)
(C:\Users\Amir\AppData\Local\Programs\MiKTeX\tex/generic/pgf/basiclayer\pgfcore
quick.code.tex
File: pgfcorequick.code.tex 2021/05/15 v3.1.9a (3.1.9a)
)
(C:\Users\Amir\AppData\Local\Programs\MiKTeX\tex/generic/pgf/basiclayer\pgfcore
objects.code.tex
File: pgfcoreobjects.code.tex 2021/05/15 v3.1.9a (3.1.9a)
)
(C:\Users\Amir\AppData\Local\Programs\MiKTeX\tex/generic/pgf/basiclayer\pgfcore
pathprocessing.code.tex
File: pgfcorepathprocessing.code.tex 2021/05/15 v3.1.9a (3.1.9a)
)
(C:\Users\Amir\AppData\Local\Programs\MiKTeX\tex/generic/pgf/basiclayer\pgfcore
arrows.code.tex
File: pgfcorearrows.code.tex 2021/05/15 v3.1.9a (3.1.9a)
\pgfarrowsep=\dimen328
)
(C:\Users\Amir\AppData\Local\Programs\MiKTeX\tex/generic/pgf/basiclayer\pgfcore
shade.code.tex
File: pgfcoreshade.code.tex 2021/05/15 v3.1.9a (3.1.9a)
\pgf@max=\dimen329
\pgf@sys@shading@range@num=\count357
\pgf@shadingcount=\count358
)
(C:\Users\Amir\AppData\Local\Programs\MiKTeX\tex/generic/pgf/basiclayer\pgfcore
image.code.tex
File: pgfcoreimage.code.tex 2021/05/15 v3.1.9a (3.1.9a)

(C:\Users\Amir\AppData\Local\Programs\MiKTeX\tex/generic/pgf/basiclayer\pgfcore
external.code.tex
File: pgfcoreexternal.code.tex 2021/05/15 v3.1.9a (3.1.9a)
\pgfexternal@startupbox=\box114
))
(C:\Users\Amir\AppData\Local\Programs\MiKTeX\tex/generic/pgf/basiclayer\pgfcore
layers.code.tex
File: pgfcorelayers.code.tex 2021/05/15 v3.1.9a (3.1.9a)
)
(C:\Users\Amir\AppData\Local\Programs\MiKTeX\tex/generic/pgf/basiclayer\pgfcore
transparency.code.tex
File: pgfcoretransparency.code.tex 2021/05/15 v3.1.9a (3.1.9a)
)
(C:\Users\Amir\AppData\Local\Programs\MiKTeX\tex/generic/pgf/basiclayer\pgfcore
patterns.code.tex
File: pgfcorepatterns.code.tex 2021/05/15 v3.1.9a (3.1.9a)
)
(C:\Users\Amir\AppData\Local\Programs\MiKTeX\tex/generic/pgf/basiclayer\pgfcore
rdf.code.tex
File: pgfcorerdf.code.tex 2021/05/15 v3.1.9a (3.1.9a)
)))
(C:\Users\Amir\AppData\Local\Programs\MiKTeX\tex/generic/pgf/modules\pgfmodules
hapes.code.tex
File: pgfmoduleshapes.code.tex 2021/05/15 v3.1.9a (3.1.9a)
\pgfnodeparttextbox=\box115
)
(C:\Users\Amir\AppData\Local\Programs\MiKTeX\tex/generic/pgf/modules\pgfmodulep
lot.code.tex
File: pgfmoduleplot.code.tex 2021/05/15 v3.1.9a (3.1.9a)
)
(C:\Users\Amir\AppData\Local\Programs\MiKTeX\tex/latex/pgf/compatibility\pgfcom
p-version-0-65.sty
Package: pgfcomp-version-0-65 2021/05/15 v3.1.9a (3.1.9a)
\pgf@nodesepstart=\dimen330
\pgf@nodesepend=\dimen331
)
(C:\Users\Amir\AppData\Local\Programs\MiKTeX\tex/latex/pgf/compatibility\pgfcom
p-version-1-18.sty
Package: pgfcomp-version-1-18 2021/05/15 v3.1.9a (3.1.9a)
))
(C:\Users\Amir\AppData\Local\Programs\MiKTeX\tex/generic/pgf/frontendlayer/tikz
\tikz.code.tex
Package: tikz 2021/05/15 v3.1.9a (3.1.9a)

(C:\Users\Amir\AppData\Local\Programs\MiKTeX\tex/generic/pgf/libraries\pgflibra
ryplothandlers.code.tex
File: pgflibraryplothandlers.code.tex 2021/05/15 v3.1.9a (3.1.9a)
\pgf@plot@mark@count=\count359
\pgfplotmarksize=\dimen332
)
\tikz@lastx=\dimen333
\tikz@lasty=\dimen334
\tikz@lastxsaved=\dimen335
\tikz@lastysaved=\dimen336
\tikz@lastmovetox=\dimen337
\tikz@lastmovetoy=\dimen338
\tikzleveldistance=\dimen339
\tikzsiblingdistance=\dimen340
\tikz@figbox=\box116
\tikz@figbox@bg=\box117
\tikz@tempbox=\box118
\tikz@tempbox@bg=\box119
\tikztreelevel=\count360
\tikznumberofchildren=\count361
\tikznumberofcurrentchild=\count362
\tikz@fig@count=\count363

(C:\Users\Amir\AppData\Local\Programs\MiKTeX\tex/generic/pgf/modules\pgfmodulem
atrix.code.tex
File: pgfmodulematrix.code.tex 2021/05/15 v3.1.9a (3.1.9a)
\pgfmatrixcurrentrow=\count364
\pgfmatrixcurrentcolumn=\count365
\pgf@matrix@numberofcolumns=\count366
)
\tikz@expandcount=\count367

(C:\Users\Amir\AppData\Local\Programs\MiKTeX\tex/generic/pgf/frontendlayer/tikz
/libraries\tikzlibrarytopaths.code.tex
File: tikzlibrarytopaths.code.tex 2021/05/15 v3.1.9a (3.1.9a)
)))
(C:\Users\Amir\AppData\Local\Programs\MiKTeX\tex/latex/adjustbox\adjustbox.sty
Package: adjustbox 2022/10/17 v1.3a Adjusting TeX boxes (trim, clip, ...)

(C:\Users\Amir\AppData\Local\Programs\MiKTeX\tex/latex/adjustbox\adjcalc.sty
Package: adjcalc 2012/05/16 v1.1 Provides advanced setlength with multiple back
-ends (calc, etex, pgfmath)
)
(C:\Users\Amir\AppData\Local\Programs\MiKTeX\tex/latex/adjustbox\trimclip.sty
Package: trimclip 2020/08/19 v1.2 Trim and clip general TeX material

(C:\Users\Amir\AppData\Local\Programs\MiKTeX\tex/latex/collectbox\collectbox.st
y
Package: collectbox 2022/10/17 v0.4c Collect macro arguments as boxes
\collectedbox=\box120
)
\tc@llx=\dimen341
\tc@lly=\dimen342
\tc@urx=\dimen343
\tc@ury=\dimen344
Package trimclip Info: Using driver 'tc-xetex.def'.

(C:\Users\Amir\AppData\Local\Programs\MiKTeX\tex/latex/adjustbox\tc-xetex.def
File: tc-xetex.def 2019/01/04 v2.2 Clipping driver for xetex
))
\adjbox@Width=\dimen345
\adjbox@Height=\dimen346
\adjbox@Depth=\dimen347
\adjbox@Totalheight=\dimen348
\adjbox@pwidth=\dimen349
\adjbox@pheight=\dimen350
\adjbox@pdepth=\dimen351
\adjbox@ptotalheight=\dimen352
(C:\Users\Amir\AppData\Local\Programs\MiKTeX\tex/latex/ifoddpage\ifoddpage.sty
Package: ifoddpage 2022/10/18 v1.2 Conditionals for odd/even page detection
\c@checkoddpage=\count368
) (C:\Users\Amir\AppData\Local\Programs\MiKTeX\tex/latex/varwidth\varwidth.sty
Package: varwidth 2009/03/30 ver 0.92;  Variable-width minipages
\@vwid@box=\box121
\sift@deathcycles=\count369
\@vwid@loff=\dimen353
\@vwid@roff=\dimen354
))
(C:\Users\Amir\AppData\Local\Programs\MiKTeX\tex/xelatex/xepersian\xepersian.st
y
Package: xepersian 2022/10/30 v24.8 (Release Women, Life, and Freedom) Persian 
typesetting in XeLaTeX
 (C:\Users\Amir\AppData\Local\Programs\MiKTeX\tex/latex/fontspec\fontspec.sty
(C:\Users\Amir\AppData\Local\Programs\MiKTeX\tex/latex/l3packages/xparse\xparse
.sty (C:\Users\Amir\AppData\Local\Programs\MiKTeX\tex/latex/l3kernel\expl3.sty
Package: expl3 2022-09-28 L3 programming layer (loader) 

(C:\Users\Amir\AppData\Local\Programs\MiKTeX\tex/latex/l3backend\l3backend-xete
x.def
File: l3backend-xetex.def 2022-09-28 L3 backend support: XeTeX
\g__graphics_track_int=\count370
\l__pdf_internal_box=\box122
\g__pdf_backend_object_int=\count371
\g__pdf_backend_annotation_int=\count372
\g__pdf_backend_link_int=\count373
))
Package: xparse 2022-06-22 L3 Experimental document command parser
)
Package: fontspec 2022/01/15 v2.8a Font selection for XeLaTeX and LuaLaTeX

(C:\Users\Amir\AppData\Local\Programs\MiKTeX\tex/latex/fontspec\fontspec-xetex.
sty
Package: fontspec-xetex 2022/01/15 v2.8a Font selection for XeLaTeX and LuaLaTe
X
\l__fontspec_script_int=\count374
\l__fontspec_language_int=\count375
\l__fontspec_strnum_int=\count376
\l__fontspec_tmp_int=\count377
\l__fontspec_tmpa_int=\count378
\l__fontspec_tmpb_int=\count379
\l__fontspec_tmpc_int=\count380
\l__fontspec_em_int=\count381
\l__fontspec_emdef_int=\count382
\l__fontspec_strong_int=\count383
\l__fontspec_strongdef_int=\count384
\l__fontspec_tmpa_dim=\dimen355
\l__fontspec_tmpb_dim=\dimen356
\l__fontspec_tmpc_dim=\dimen357
 (C:\Users\Amir\AppData\Local\Programs\MiKTeX\tex/latex/base\fontenc.sty
Package: fontenc 2021/04/29 v2.0v Standard LaTeX package
)
(C:\Users\Amir\AppData\Local\Programs\MiKTeX\tex/latex/fontspec\fontspec.cfg)))

(C:\Users\Amir\AppData\Local\Programs\MiKTeX\tex/xelatex/xepersian\xepersian-pe
rsiancal.sty
Package: xepersian-persiancal 2012/07/25 v0.2 provides Persian calendar
\XePersian@i=\count385
\XePersian@y=\count386
\XePersian@m=\count387
\XePersian@d=\count388
\XePersian@latini=\count389
\XePersian@persiani=\count390
\XePersian@latinii=\count391
\XePersian@persianii=\count392
\XePersian@latiniii=\count393
\XePersian@persianiii=\count394
\XePersian@latiniv=\count395
\XePersian@persianiv=\count396
\XePersian@latinv=\count397
\XePersian@persianv=\count398
\XePersian@latinvi=\count399
\XePersian@persianvi=\count400
\XePersian@latinvii=\count401
\XePersian@persianvii=\count402
\XePersian@latinviii=\count403
\XePersian@persianviii=\count404
\XePersian@latinix=\count405
\XePersian@persianix=\count406
\XePersian@latinx=\count407
\XePersian@persianx=\count408
\XePersian@latinxi=\count409
\XePersian@persianxi=\count410
\XePersian@latinxii=\count411
\XePersian@persianxii=\count412
\XePersian@persianxiii=\count413
\XePersian@temp=\count414
\XePersian@temptwo=\count415
\XePersian@tempthree=\count416
\XePersian@yModHundred=\count417
\XePersian@thirtytwo=\count418
\XePersian@dn=\count419
\XePersian@sn=\count420
\XePersian@mminusone=\count421
)
(C:\Users\Amir\AppData\Local\Programs\MiKTeX\tex/xelatex/xepersian\xepersian-ma
thdigitspec.sty
Package: xepersian-mathdigitspec 2022/05/20 v1.2.0 Unicode Persian math digits 
in XeLaTeX
)
(C:\Users\Amir\AppData\Local\Programs\MiKTeX\tex/xelatex/bidi\bidi.sty
Package: bidi 2022/11/06 v39.6 (Release Women, Life, and Liberty) Bidirectional
 typesetting in plain TeX and LaTeX

****************************************************
* 
* bidi package (Bidirectional typesetting in
* plain TeX and LaTeX, using XeTeX engine)
* 
* Description: A convenient interface for
* typesetting bidirectional texts in plain TeX
* and LaTeX. The package includes adaptations
* for use with many other commonly-used packages.
* 
* Copyright (c) 2007--2022 Vafa Khalighi
* Copyright (c) 2018--2020 bidi-tex GitHub organization
* 
* v39.6 (Release Women, Life, and Liberty), 2022/11/06
* 
* License: LaTeX Project Public License, version
* 1.3c or higher (your choice)
* 
* Location on CTAN: /macros/xetex/latex/bidi
* 
* Issue tracker: https://github.com/kvafa/bidi/issues
* 
* Discussions: https://github.com/kvafa/bidi/discussions
* 
* Primary author of bidi package: Vafa Khalighi.
* 
****************************************************
(C:\Users\Amir\AppData\Local\Programs\MiKTeX\tex/xelatex/bidi\biditools.sty
Package: biditools 2022/06/15 v2.3 Programming tools for bidi package
\@bidi@envbody=\toks48
\@bidi@emptytoks=\toks49
\bidi@poscount=\count422
\bidi@tempcountb=\count423
\bidi@temptoksa=\toks50
\bidi@temptoksb=\toks51
\bidi@dummies=\count424
\bidi@are@these@correct=\toks52
\bidi@toks@lista=\toks53
\bidi@toks@listb=\toks54
\bidi@stack@length=\count425
\bidi@empty@stack=\toks55
\bidi@looprepeat@depth=\count426
)
(C:\Users\Amir\AppData\Local\Programs\MiKTeX\tex/latex/zref\zref-abspage.sty
Package: zref-abspage 2022-04-07 v2.34 Module abspage for zref (HO)

(C:\Users\Amir\AppData\Local\Programs\MiKTeX\tex/latex/zref\zref-base.sty
Package: zref-base 2022-04-07 v2.34 Module base for zref (HO)
Package zref Info: New property list: main on input line 767.
Package zref Info: New property: default on input line 768.
Package zref Info: New property: page on input line 769.
)
\c@abspage=\count427
Package zref Info: New property: abspage on input line 65.
)
\@bidi@copyins@=\insert252

(C:\Users\Amir\AppData\Local\Programs\MiKTeX\tex/xelatex/bidi\latex-xetex-bidi.
def
File: latex-xetex-bidi.def 2022/07/04 v1.4.9 bidi adaptations for `latex.ltx' f
or XeTeX engine
\bidi@n@everypar=\toks56
\bidi@column@check@number=\count428

(C:\Users\Amir\AppData\Local\Programs\MiKTeX\tex/xelatex/bidi\footnote-xetex-bi
di.def
File: footnote-xetex-bidi.def 2017/08/09 v1.1 bidi footnote macros for XeTeX en
gine
\c@footdir@label=\count429
\footdir@toks=\toks57
)
(C:\Users\Amir\AppData\Local\Programs\MiKTeX\tex/xelatex/bidi\book-xetex-bidi.d
ef
File: book-xetex-bidi.def 2017/06/09 v1.0 bidi adaptations for standard book cl
ass for XeTeX engine
)
(C:\Users\Amir\AppData\Local\Programs\MiKTeX\tex/xelatex/bidi\mathtools-xetex-b
idi.def
File: mathtools-xetex-bidi.def 2018/01/07 v0.1 bidi adaptations for mathtools p
ackage for XeTeX engine
)
(C:\Users\Amir\AppData\Local\Programs\MiKTeX\tex/xelatex/bidi\amsmath-xetex-bid
i.def
File: amsmath-xetex-bidi.def 2020/05/16 v1.2 bidi adaptations for amsmath packa
ge for XeTeX engine
)
(C:\Users\Amir\AppData\Local\Programs\MiKTeX\tex/xelatex/bidi\amstext-xetex-bid
i.def
File: amstext-xetex-bidi.def 2016/09/12 v0.2 bidi adaptations for amstext packa
ge for XeTeX engine
)
(C:\Users\Amir\AppData\Local\Programs\MiKTeX\tex/xelatex/bidi\caption-xetex-bid
i.def
File: caption-xetex-bidi.def 2010/07/25 v0.1 bidi adaptations for caption packa
ge for XeTeX engine
)
(C:\Users\Amir\AppData\Local\Programs\MiKTeX\tex/xelatex/bidi\caption3-xetex-bi
di.def
File: caption3-xetex-bidi.def 2013/04/01 v0.1 bidi adaptations for caption3 pac
kage for XeTeX engine
)
(C:\Users\Amir\AppData\Local\Programs\MiKTeX\tex/xelatex/bidi\color-xetex-bidi.
def
File: color-xetex-bidi.def 2013/04/08 v0.2 bidi adaptations for color package f
or XeTeX engine
LaTeX Info: Redefining \color on input line 49.
)
(C:\Users\Amir\AppData\Local\Programs\MiKTeX\tex/xelatex/bidi\xcolor-xetex-bidi
.def
File: xcolor-xetex-bidi.def 2022/06/13 v0.3 bidi adaptations for xcolor package
 for XeTeX engine
LaTeX Info: Redefining \color on input line 48.
LaTeX Info: Redefining \bidicolor on input line 91.
)
(C:\Users\Amir\AppData\Local\Programs\MiKTeX\tex/xelatex/bidi\float-xetex-bidi.
def
File: float-xetex-bidi.def 2013/04/04 v0.2 bidi adaptations for float package f
or XeTeX engine
)
(C:\Users\Amir\AppData\Local\Programs\MiKTeX\tex/xelatex/bidi\wrapfig-xetex-bid
i.def
File: wrapfig-xetex-bidi.def 2014/04/23 v0.3 bidi adaptations for wrapfig packa
ge for XeTeX engine
)
(C:\Users\Amir\AppData\Local\Programs\MiKTeX\tex/xelatex/bidi\graphicx-xetex-bi
di.def
File: graphicx-xetex-bidi.def 2017/06/17 v0.5 bidi adaptations for graphicx pac
kage for XeTeX engine
)
(C:\Users\Amir\AppData\Local\Programs\MiKTeX\tex/xelatex/bidi\geometry-xetex-bi
di.def
File: geometry-xetex-bidi.def 2017/01/14 v0.2 bidi adaptations for geometry pac
kage for XeTeX engine
)
(C:\Users\Amir\AppData\Local\Programs\MiKTeX\tex/xelatex/bidi\hyperref-xetex-bi
di.def
File: hyperref-xetex-bidi.def 2018/11/11 v1.1 bidi adaptations for hyperref pac
kage for XeTeX engine
)
(C:\Users\Amir\AppData\Local\Programs\MiKTeX\tex/xelatex/bidi\pstricks-xetex-bi
di.def
File: pstricks-xetex-bidi.def 2022/09/22 v0.6 bidi adaptations for pstricks pac
kage for XeTeX engine
)
(C:\Users\Amir\AppData\Local\Programs\MiKTeX\tex/xelatex/bidi\pgfcorescopes.cod
e-xetex-bidi.def
File: pgfcorescopes.code-xetex-bidi.def 2015/11/14 v0.1 bidi adaptations for pg
f package for XeTeX engine
)
(C:\Users\Amir\AppData\Local\Programs\MiKTeX\tex/xelatex/bidi\array-xetex-bidi.
def
File: array-xetex-bidi.def 2015/11/07 v0.3 bidi adaptations for array package f
or XeTeX engine
)
(C:\Users\Amir\AppData\Local\Programs\MiKTeX\tex/xelatex/bidi\subfigure-xetex-b
idi.def
File: subfigure-xetex-bidi.def 2010/03/01 v0.1 bidi adaptations for subfigure p
ackage for XeTeX engine
)
(C:\Users\Amir\AppData\Local\Programs\MiKTeX\tex/xelatex/bidi\multicol-xetex-bi
di.def
File: multicol-xetex-bidi.def 2022/07/10 v1.4 bidi adaptations for multicol pac
kage for XeTeX engine
)
(C:\Users\Amir\AppData\Local\Programs\MiKTeX\tex/xelatex/bidi\pgfsys.code-xetex
-bidi.def
File: pgfsys.code-xetex-bidi.def 2022/06/01 v0.1 bidi adaptations for pgfsys.co
de.tex file for XeTeX engine
)
(C:\Users\Amir\AppData\Local\Programs\MiKTeX\tex/xelatex/bidi\tc-xetex-bidi.def
File: tc-xetex-bidi.def 2014/07/08 v0.1 bidi adaptations for Clipping driver fo
r XeTeX engine
))
(C:\Users\Amir\AppData\Local\Programs\MiKTeX\tex/xelatex/bidi\loadingorder-xete
x-bidi.def
File: loadingorder-xetex-bidi.def 2017/12/29 v0.97 making sure that bidi is the
 last package loaded
)
\bidi@digits=\count430
\bidi@digits@charclass=\XeTeXcharclass1
\bidi@sepmark@charclass=\XeTeXcharclass2
)
****************************************************
* 
* xepersian package (Persian for LaTeX, using XeTeX engine)
* 
* Description: The package supports Persian
* typesetting, using fonts provided in the
* distribution.
* 
* Copyright (c) 2008--2022 Vafa Khalighi
* Copyright (c) 2018--2020 bidi-tex GitHub Organization
* 
* v24.8 (Release Women, Life, and Freedom), 2022/10/30
* 
* License: LaTeX Project Public License, version
* 1.3c or higher (your choice)
* 
* Location on CTAN: /macros/xetex/latex/xepersian
* 
* Issue tracker: https://github.com/kvafa/xepersian/issues
* 
* Discussions: https://github.com/kvafa/xepersian/discussions
* 
* Primary author of xepersian package: Vafa Khalighi.
* 
****************************************************
\xepersian@tcl=\count431
\xepersian@ilg=\dimen358
\xepersian@strutilg=\dimen359

(C:\Users\Amir\AppData\Local\Programs\MiKTeX\tex/xelatex/xepersian\loadingorder
-xepersian.def
File: loadingorder-xepersian.def 2018/09/29 v0.5 making sure that xepersian is 
the last package loaded
)
(C:\Users\Amir\AppData\Local\Programs\MiKTeX\tex/xelatex/xepersian\footnote-xep
ersian.def
File: footnote-xepersian.def 2017/08/09 v0.6 footnote macros for xepersian pack
age
)
(C:\Users\Amir\AppData\Local\Programs\MiKTeX\tex/xelatex/xepersian\algorithm-xe
persian.def
File: algorithm-xepersian.def 2010/07/25 v0.2 adaptations for algorithm package

)
(C:\Users\Amir\AppData\Local\Programs\MiKTeX\tex/xelatex/xepersian\enumitem-xep
ersian.def
File: enumitem-xepersian.def 2017/09/06 v0.1 adaptations for enumitem package
)
(C:\Users\Amir\AppData\Local\Programs\MiKTeX\tex/xelatex/xepersian\hyperref-xep
ersian.def
File: hyperref-xepersian.def 2022/10/30 v0.8 xepersian adaptations for hyperref
 package
)
(C:\Users\Amir\AppData\Local\Programs\MiKTeX\tex/xelatex/xepersian\url-xepersia
n.def
File: url-xepersian.def 2022/02/18 v0.1 adaptations for url package
)
(C:\Users\Amir\AppData\Local\Programs\MiKTeX\tex/xelatex/xepersian\book-xepersi
an.def
File: book-xepersian.def 2010/07/25 v0.2 adaptations for standard book class
)
(C:\Users\Amir\AppData\Local\Programs\MiKTeX\tex/xelatex/xepersian\localise-xep
ersian.def
File: localise-xepersian.def 2022/06/06 v0.2c Persian localisation of LaTeX2e

(C:\Users\Amir\AppData\Local\Programs\MiKTeX\tex/xelatex/xepersian\latex-locali
se-commands-xepersian.def
File: latex-localise-commands-xepersian.def 2014/02/05 v0.3 Persian localisatio
n of LaTeX2e commands
)
(C:\Users\Amir\AppData\Local\Programs\MiKTeX\tex/xelatex/xepersian\xepersian-lo
calise-commands-xepersian.def
File: xepersian-localise-commands-xepersian.def 2012/07/25 v0.2 Persian localis
ation of XePersian commands
)
(C:\Users\Amir\AppData\Local\Programs\MiKTeX\tex/xelatex/xepersian\latex-locali
se-environments-xepersian.def
File: latex-localise-environments-xepersian.def 2022/06/06 v0.3 Persian localis
ation of LaTeX2e environments
)
(C:\Users\Amir\AppData\Local\Programs\MiKTeX\tex/xelatex/xepersian\xepersian-lo
calise-environments-xepersian.def
File: xepersian-localise-environments-xepersian.def 2010/07/25 v0.1 Persian loc
alisation of XePersian and bidi environments
)
(C:\Users\Amir\AppData\Local\Programs\MiKTeX\tex/xelatex/xepersian\latex-locali
se-messages-xepersian.def
File: latex-localise-messages-xepersian.def 2011/03/01 v0.1 localising LaTeX2e 
messages
)
(C:\Users\Amir\AppData\Local\Programs\MiKTeX\tex/xelatex/xepersian\latex-locali
se-misc-xepersian.def
File: latex-localise-misc-xepersian.def 2012/01/01 v0.2 miscellaneous Persian l
ocalisation of LaTeX2e
)
(C:\Users\Amir\AppData\Local\Programs\MiKTeX\tex/xelatex/xepersian\packages-loc
alise-xepersian.def
File: packages-localise-xepersian.def 2013/04/24 v0.2 localising LaTeX2e Packag
es

(C:\Users\Amir\AppData\Local\Programs\MiKTeX\tex/xelatex/xepersian\color-locali
se-xepersian.def
File: color-localise-xepersian.def 2011/03/01 v0.1 localising color package
)))
(C:\Users\Amir\AppData\Local\Programs\MiKTeX\tex/xelatex/bidi\extrafootnotefeat
ures-xetex-bidi.def
File: extrafootnotefeatures-xetex-bidi.def 2022/07/14 v2.4 bidi extra footnote 
features for XeTeX engine
\bidi@columnwidth=\dimen360
\footmarkwidth=\skip73
\footinsdim=\skip74
\footinsv@r=\insert251
\footinsv@l=\insert250
\@mpfootinsv@r=\insert249
\@mpfootinsv@l=\insert248
\m@m@k=\count432
\m@m@h=\dimen361
\m@mipn@skip=\skip75
)
(C:\Users\Amir\AppData\Local\Programs\MiKTeX\tex/xelatex/xepersian\extrafootnot
efeatures-xepersian.def
File: extrafootnotefeatures-xepersian.def 2012/01/01 v0.2 footnote macros for e
xtrafootnotefeatures option of xepersian package
)

Package fontspec Info: Font family 'lmroman10-regular(0)' created for font
(fontspec)             'lmroman10-regular' with options
(fontspec)             [Ligatures=TeX,Path,BoldFont={lmroman10-bold},BoldItalic
Font={lmroman10-bolditalic},ItalicFont={lmroman10-italic},SmallCapsFont={lmroma
ncaps10-regular},SlantedFont={lmromanslant10-regular},BoldSlantedFont={lmromans
lant10-bold}].
(fontspec)              
(fontspec)              This font family consists of the following NFSS
(fontspec)             series/shapes:
(fontspec)              
(fontspec)             - 'normal' (m/n) with NFSS spec.:
(fontspec)             <->"[lmroman10-regular]/OT:script=latn;language=dflt;map
ping=tex-text;"
(fontspec)             - 'small caps'  (m/sc) with NFSS spec.:
(fontspec)             <->"[lmromancaps10-regular]/OT:script=latn;language=dflt
;mapping=tex-text;"
(fontspec)             - 'bold' (b/n) with NFSS spec.:
(fontspec)             <->"[lmroman10-bold]/OT:script=latn;language=dflt;mappin
g=tex-text;"
(fontspec)             - 'bold small caps'  (b/sc) with NFSS spec.:
(fontspec)             <->"[lmromancaps10-regular]/OT:script=latn;language=dflt
;mapping=tex-text;"
(fontspec)             - 'italic' (m/it) with NFSS spec.:
(fontspec)             <->"[lmroman10-italic]/OT:script=latn;language=dflt;mapp
ing=tex-text;"
(fontspec)             - 'italic small caps'  (m/scit) with NFSS spec.:
(fontspec)             <->"[lmromancaps10-regular]/OT:script=latn;language=dflt
;mapping=tex-text;"
(fontspec)             - 'slanted' (m/sl) with NFSS spec.:
(fontspec)             <->"[lmromanslant10-regular]/OT:script=latn;language=dfl
t;mapping=tex-text;"
(fontspec)             - 'slanted small caps'  (m/scsl) with NFSS spec.:
(fontspec)             <->"[lmromancaps10-regular]/OT:script=latn;language=dflt
;mapping=tex-text;"
(fontspec)             - 'bold italic' (b/it) with NFSS spec.:
(fontspec)             <->"[lmroman10-bolditalic]/OT:script=latn;language=dflt;
mapping=tex-text;"
(fontspec)             - 'bold italic small caps'  (b/scit) with NFSS spec.:
(fontspec)             <->"[lmromancaps10-regular]/OT:script=latn;language=dflt
;mapping=tex-text;"
(fontspec)             - 'bold slanted' (b/sl) with NFSS spec.:
(fontspec)             <->"[lmromanslant10-bold]/OT:script=latn;language=dflt;m
apping=tex-text;"
(fontspec)             - 'bold slanted small caps'  (b/scsl) with NFSS spec.:
(fontspec)             <->"[lmromancaps10-regular]/OT:script=latn;language=dflt
;mapping=tex-text;"

)
(C:\Users\Amir\AppData\Local\Programs\MiKTeX\tex/latex/algorithmicx\algpseudoco
de.sty
Package: algpseudocode 

Document Style - pseudocode environments for use with the `algorithmicx' style
) (styles/alg-fa.tex)
*geometry* verbose mode - [ newgeometry ] result:
* driver: 
* paper: a4paper
* layout: <same size as paper>
* layoutoffset:(h,v)=(0.0pt,0.0pt)
* modes: 
* h-part:(L,W,R)=(72.26999pt, 452.9679pt, 72.26999pt)
* v-part:(T,H,B)=(72.26999pt, 693.27942pt, 79.49744pt)
* \paperwidth=597.50787pt
* \paperheight=845.04684pt
* \textwidth=452.9679pt
* \textheight=693.27942pt
* \oddsidemargin=0.0pt
* \evensidemargin=0.0pt
* \topmargin=-31.8738pt
* \headheight=12.0pt
* \headsep=19.8738pt
* \topskip=12.0pt
* \footskip=28.90755pt
* \marginparwidth=38.0pt
* \marginparsep=7.0pt
* \columnsep=10.0pt
* \skip\footins=10.8pt plus 4.0pt minus 2.0pt
* \hoffset=0.0pt
* \voffset=0.0pt
* \mag=1000
* \@twocolumnfalse
* \@twosidefalse
* \@mparswitchfalse
* \@reversemarginfalse
* (1in=72.27pt=25.4mm, 1cm=28.453pt)


Package fontspec Info: Font family 'XBNiloofar(0)' created for font 'XB
(fontspec)             Niloofar' with options
(fontspec)             [RawFeature={script=arab},Ligatures=PersianTeX,Scale=1.0
9].
(fontspec)              
(fontspec)              This font family consists of the following NFSS
(fontspec)             series/shapes:
(fontspec)              
(fontspec)             - 'normal' (m/n) with NFSS spec.: <->s*[1.09]"XB
(fontspec)             Niloofar/OT:script=latn;language=dflt;script=arab;mappin
g=persian-tex-text;"
(fontspec)             - 'small caps'  (m/sc) with NFSS spec.: 
(fontspec)             - 'bold' (b/n) with NFSS spec.: <->s*[1.09]"XB
(fontspec)             Niloofar/B/OT:script=latn;language=dflt;script=arab;mapp
ing=persian-tex-text;"
(fontspec)             - 'bold small caps'  (b/sc) with NFSS spec.: 
(fontspec)             - 'italic' (m/it) with NFSS spec.: <->s*[1.09]"XB
(fontspec)             Niloofar/I/OT:script=latn;language=dflt;script=arab;mapp
ing=persian-tex-text;"
(fontspec)             - 'italic small caps'  (m/scit) with NFSS spec.: 
(fontspec)             - 'bold italic' (b/it) with NFSS spec.: <->s*[1.09]"XB
(fontspec)             Niloofar/BI/OT:script=latn;language=dflt;script=arab;map
ping=persian-tex-text;"
(fontspec)             - 'bold italic small caps'  (b/scit) with NFSS spec.: 

LaTeX Font Info:    Font shape `TU/XBNiloofar(0)/m/n' will be
(Font)              scaled to size 13.07996pt on input line 53.

Package fontspec Info: Font family 'XBNiloofar(1)' created for font 'XB
(fontspec)             Niloofar' with options
(fontspec)             [Ligatures=PersianTeX,Scale=1.09].
(fontspec)              
(fontspec)              This font family consists of the following NFSS
(fontspec)             series/shapes:
(fontspec)              
(fontspec)             - 'normal' (m/n) with NFSS spec.: <->s*[1.09]"XB
(fontspec)             Niloofar/OT:script=latn;language=dflt;mapping=persian-te
x-text;"
(fontspec)             - 'small caps'  (m/sc) with NFSS spec.: 
(fontspec)             - 'bold' (b/n) with NFSS spec.: <->s*[1.09]"XB
(fontspec)             Niloofar/B/OT:script=latn;language=dflt;mapping=persian-
tex-text;"
(fontspec)             - 'bold small caps'  (b/sc) with NFSS spec.: 
(fontspec)             - 'italic' (m/it) with NFSS spec.: <->s*[1.09]"XB
(fontspec)             Niloofar/I/OT:script=latn;language=dflt;mapping=persian-
tex-text;"
(fontspec)             - 'italic small caps'  (m/scit) with NFSS spec.: 
(fontspec)             - 'bold italic' (b/it) with NFSS spec.: <->s*[1.09]"XB
(fontspec)             Niloofar/BI/OT:script=latn;language=dflt;mapping=persian
-tex-text;"
(fontspec)             - 'bold italic small caps'  (b/scit) with NFSS spec.: 

Package xepersian-mathdigitspec Info: DefiningthedefaultPersianmathdigitsfontas
'XB Niloofar' on input line 57.
\symOPERATORS=\mathgroup6
\symnew@mathbf@font@digits=\mathgroup7
\symnew@mathit@font@digits=\mathgroup8
\symnew@mathrm@font@digits=\mathgroup9

Package fontspec Info: Could not resolve font "XB Kayhan Pook/BI" (it probably
(fontspec)             doesn't exist).


Package fontspec Info: Could not resolve font "XB Kayhan Pook/B" (it probably
(fontspec)             doesn't exist).


Package fontspec Info: Could not resolve font "XB Kayhan Pook/I" (it probably
(fontspec)             doesn't exist).


Package fontspec Info: Font family 'XBKayhanPook(0)' created for font 'XB
(fontspec)             Kayhan Pook' with options
(fontspec)             [RawFeature={script=arab},Ligatures=PersianTeX,Scale=1].

(fontspec)              
(fontspec)              This font family consists of the following NFSS
(fontspec)             series/shapes:
(fontspec)              
(fontspec)             - 'normal' (m/n) with NFSS spec.: <->s*[1]"XB Kayhan
(fontspec)             Pook/OT:script=latn;language=dflt;script=arab;mapping=pe
rsian-tex-text;"
(fontspec)             - 'small caps'  (m/sc) with NFSS spec.: 

\c@=\count433
\c@=\count434
\c@=\count435
\c@=\count436
) (styles/custom.tex) (thesis.aux (front/info.aux)
(front/template/title.aux) (front/abstract.aux) (chapters/introduction.aux)
(chapters/preliminaries.aux) (chapters/literature.aux) (chapters/solution.aux)
(chapters/results.aux) (chapters/conclusions.aux) (front/dictionary.aux)
(front/dictionary_en.aux) (front/abstract-eng.aux)
(front/template/title-eng.aux))
\openout1 = `thesis.aux'.

LaTeX Font Info:    Checking defaults for OML/cmm/m/it on input line 27.
LaTeX Font Info:    ... okay on input line 27.
LaTeX Font Info:    Checking defaults for OMS/cmsy/m/n on input line 27.
LaTeX Font Info:    ... okay on input line 27.
LaTeX Font Info:    Checking defaults for OT1/cmr/m/n on input line 27.
LaTeX Font Info:    ... okay on input line 27.
LaTeX Font Info:    Checking defaults for T1/cmr/m/n on input line 27.
LaTeX Font Info:    ... okay on input line 27.
LaTeX Font Info:    Checking defaults for TS1/cmr/m/n on input line 27.
LaTeX Font Info:    Trying to load font information for TS1+cmr on input line 2
7.

(C:\Users\Amir\AppData\Local\Programs\MiKTeX\tex/latex/base\ts1cmr.fd
File: ts1cmr.fd 2019/12/16 v2.5j Standard LaTeX font definitions
)
LaTeX Font Info:    ... okay on input line 27.
LaTeX Font Info:    Checking defaults for TU/lmr/m/n on input line 27.
LaTeX Font Info:    ... okay on input line 27.
LaTeX Font Info:    Checking defaults for OMX/cmex/m/n on input line 27.
LaTeX Font Info:    ... okay on input line 27.
LaTeX Font Info:    Checking defaults for U/cmr/m/n on input line 27.
LaTeX Font Info:    ... okay on input line 27.
LaTeX Font Info:    Checking defaults for PD1/pdf/m/n on input line 27.
LaTeX Font Info:    ... okay on input line 27.
LaTeX Font Info:    Checking defaults for PU/pdf/m/n on input line 27.
LaTeX Font Info:    ... okay on input line 27.
Package hyperref Info: Link coloring ON on input line 27.

(thesis.out) (thesis.out)
\@outlinefile=\write4
\openout4 = `thesis.out'.


*geometry* driver: auto-detecting
*geometry* detected driver: xetex
*geometry* verbose mode - [ preamble ] result:
* driver: xetex
* paper: a4paper
* layout: <same size as paper>
* layoutoffset:(h,v)=(0.0pt,0.0pt)
* modes: 
* h-part:(L,W,R)=(72.26999pt, 452.9679pt, 72.26999pt)
* v-part:(T,H,B)=(72.26999pt, 693.27942pt, 79.49744pt)
* \paperwidth=597.50787pt
* \paperheight=845.04684pt
* \textwidth=452.9679pt
* \textheight=693.27942pt
* \oddsidemargin=0.0pt
* \evensidemargin=0.0pt
* \topmargin=-31.8738pt
* \headheight=12.0pt
* \headsep=19.8738pt
* \topskip=12.0pt
* \footskip=28.90755pt
* \marginparwidth=38.0pt
* \marginparsep=7.0pt
* \columnsep=10.0pt
* \skip\footins=10.8pt plus 4.0pt minus 2.0pt
* \hoffset=0.0pt
* \voffset=0.0pt
* \mag=1000
* \@twocolumnfalse
* \@twosidefalse
* \@mparswitchfalse
* \@reversemarginfalse
* (1in=72.27pt=25.4mm, 1cm=28.453pt)

Package caption Info: Begin \AtBeginDocument code.
Package caption Info: float package is loaded.
Package caption Info: End \AtBeginDocument code.
\openout2 = `front/info.aux'.

(front/info.tex)
\openout2 = `front/template/title.aux'.

 (front/template/title.tex
File: front/template/images/logo.png Graphic file (type bmp)
<front/template/images/logo.png>
LaTeX Font Info:    Font shape `TU/XBNiloofar(0)/m/n' will be
(Font)              scaled to size 15.69594pt on input line 10.
LaTeX Font Info:    Font shape `TU/XBNiloofar(0)/m/n' will be
(Font)              scaled to size 22.60652pt on input line 21.
LaTeX Font Info:    Font shape `TU/XBNiloofar(0)/b/n' will be
(Font)              scaled to size 22.60652pt on input line 21.
LaTeX Font Info:    Font shape `TU/XBNiloofar(0)/b/n' will be
(Font)              scaled to size 15.69594pt on input line 26.
LaTeX Font Info:    Font shape `TU/XBNiloofar(1)/m/n' will be
(Font)              scaled to size 13.07996pt on input line 35.
 [1






])
\openout2 = `front/abstract.aux'.

 (front/abstract.tex
LaTeX Font Info:    Font shape `TU/XBNiloofar(0)/b/n' will be
(Font)              scaled to size 13.07996pt on input line 8.
 [1



])
LaTeX Font Info:    Font shape `TU/XBNiloofar(0)/m/n' will be
(Font)              scaled to size 27.11911pt on input line 50.
LaTeX Font Info:    Font shape `TU/XBNiloofar(0)/b/n' will be
(Font)              scaled to size 27.11911pt on input line 50.

(thesis.toc
LaTeX Font Info:    Font shape `TU/XBNiloofar(1)/b/n' will be
(Font)              scaled to size 13.07996pt on input line 1.
LaTeX Font Info:    Trying to load font information for U+msa on input line 3.

(C:\Users\Amir\AppData\Local\Programs\MiKTeX\tex/latex/amsfonts\umsa.fd
File: umsa.fd 2013/01/14 v3.01 AMS symbols A
)
LaTeX Font Info:    Trying to load font information for U+msb on input line 3.

(C:\Users\Amir\AppData\Local\Programs\MiKTeX\tex/latex/amsfonts\umsb.fd
File: umsb.fd 2013/01/14 v3.01 AMS symbols B
)
LaTeX Font Info:    Font shape `TU/XBNiloofar(1)/m/n' will be
(Font)              scaled to size 8.71997pt on input line 3.
LaTeX Font Info:    Font shape `TU/XBNiloofar(1)/m/n' will be
(Font)              scaled to size 6.53998pt on input line 3.
LaTeX Font Info:    Font shape `TU/XBNiloofar(1)/bx/n' in size <12> not availab
le
(Font)              Font shape `TU/XBNiloofar(1)/b/n' tried instead on input li
ne 3.
LaTeX Font Info:    Font shape `TU/XBNiloofar(1)/b/n' will be
(Font)              scaled to size 13.07996pt on input line 3.
LaTeX Font Info:    Font shape `TU/XBNiloofar(1)/bx/n' in size <8> not availabl
e
(Font)              Font shape `TU/XBNiloofar(1)/b/n' tried instead on input li
ne 3.
LaTeX Font Info:    Font shape `TU/XBNiloofar(1)/b/n' will be
(Font)              scaled to size 8.71997pt on input line 3.
LaTeX Font Info:    Font shape `TU/XBNiloofar(1)/bx/n' in size <6> not availabl
e
(Font)              Font shape `TU/XBNiloofar(1)/b/n' tried instead on input li
ne 3.
LaTeX Font Info:    Font shape `TU/XBNiloofar(1)/b/n' will be
(Font)              scaled to size 6.53998pt on input line 3.
LaTeX Font Info:    Font shape `TU/XBNiloofar(1)/m/it' will be
(Font)              scaled to size 13.07996pt on input line 3.
LaTeX Font Info:    Font shape `TU/XBNiloofar(1)/m/it' will be
(Font)              scaled to size 8.71997pt on input line 3.
LaTeX Font Info:    Font shape `TU/XBNiloofar(1)/m/it' will be
(Font)              scaled to size 6.53998pt on input line 3.

[2



] [3])
\tf@toc=\write5
\openout5 = `thesis.toc'.

 [4] (thesis.lot)
\tf@lot=\write6
\openout6 = `thesis.lot'.

 [5

] (thesis.lof)
\tf@lof=\write7
\openout7 = `thesis.lof'.

 [6

]
\openout2 = `chapters/introduction.aux'.

 (chapters/introduction.tex
 1.
LaTeX Font Info:    Font shape `TU/XBNiloofar(1)/b/n' will be
(Font)              scaled to size 27.11911pt on input line 1.
LaTeX Font Info:    Font shape `TU/XBNiloofar(0)/m/n' will be
(Font)              scaled to size 8.71997pt on input line 4.
LaTeX Font Info:    Font shape `TU/XBNiloofar(0)/m/n' will be
(Font)              scaled to size 10.89996pt on input line 4.
LaTeX Font Info:    Font shape `TU/XBNiloofar(1)/m/n' will be
(Font)              scaled to size 10.89996pt on input line 4.
LaTeX Font Info:    Font shape `TU/XBNiloofar(1)/m/n' will be
(Font)              scaled to size 7.62997pt on input line 4.
LaTeX Font Info:    Font shape `TU/XBNiloofar(1)/m/n' will be
(Font)              scaled to size 5.44998pt on input line 4.
LaTeX Font Info:    Font shape `TU/XBNiloofar(1)/bx/n' in size <10> not availab
le
(Font)              Font shape `TU/XBNiloofar(1)/b/n' tried instead on input li
ne 4.
LaTeX Font Info:    Font shape `TU/XBNiloofar(1)/b/n' will be
(Font)              scaled to size 10.89996pt on input line 4.
LaTeX Font Info:    Font shape `TU/XBNiloofar(1)/bx/n' in size <7> not availabl
e
(Font)              Font shape `TU/XBNiloofar(1)/b/n' tried instead on input li
ne 4.
LaTeX Font Info:    Font shape `TU/XBNiloofar(1)/b/n' will be
(Font)              scaled to size 7.62997pt on input line 4.
LaTeX Font Info:    Font shape `TU/XBNiloofar(1)/bx/n' in size <5> not availabl
e
(Font)              Font shape `TU/XBNiloofar(1)/b/n' tried instead on input li
ne 4.
LaTeX Font Info:    Font shape `TU/XBNiloofar(1)/b/n' will be
(Font)              scaled to size 5.44998pt on input line 4.
LaTeX Font Info:    Font shape `TU/XBNiloofar(1)/m/it' will be
(Font)              scaled to size 10.89996pt on input line 4.
LaTeX Font Info:    Font shape `TU/XBNiloofar(1)/m/it' will be
(Font)              scaled to size 7.62997pt on input line 4.
LaTeX Font Info:    Font shape `TU/XBNiloofar(1)/m/it' will be
(Font)              scaled to size 5.44998pt on input line 4.
LaTeX Font Info:    Font shape `TU/XBNiloofar(0)/m/n' will be
(Font)              scaled to size 7.62997pt on input line 4.

LaTeX Warning: Citation `chu2022review' on page 1 undefined on input line 4.


LaTeX Warning: Citation `goodell2021digital' on page 1 undefined on input line 
4.

File: figs/ishikawa.pdf Graphic file (type pdf)
<use figs/ishikawa.pdf>
LaTeX Font Info:    Font shape `TU/XBNiloofar(0)/m/n' will be
(Font)              scaled to size 11.93546pt on input line 8.
LaTeX Font Info:    Font shape `TU/XBNiloofar(0)/b/n' will be
(Font)              scaled to size 11.93546pt on input line 8.
LaTeX Font Info:    Font shape `TU/XBNiloofar(1)/b/n' will be
(Font)              scaled to size 11.93546pt on input line 8.
[1


] [2] [3]) [4] [5]
\openout2 = `chapters/preliminaries.aux'.

 (chapters/preliminaries.tex
 2.
LaTeX Font Info:    Font shape `TU/XBNiloofar(0)/m/n' will be
(Font)              scaled to size 18.83513pt on input line 5.
LaTeX Font Info:    Font shape `TU/XBNiloofar(0)/b/n' will be
(Font)              scaled to size 18.83513pt on input line 5.
LaTeX Font Info:    Font shape `TU/XBNiloofar(1)/b/n' will be
(Font)              scaled to size 18.83513pt on input line 5.

LaTeX Warning: Citation `bis101' on page 6 undefined on input line 7.

[6




]

LaTeX Warning: Citation `bis101' on page 7 undefined on input line 16.

File: figs/flower.png Graphic file (type bmp)
<figs/flower.png>

LaTeX Warning: Citation `bis101' on page 7 undefined on input line 19.


LaTeX Warning: Citation `bis101' on page 7 undefined on input line 19.

[7]
LaTeX Font Info:    Font shape `TU/XBNiloofar(1)/b/n' will be
(Font)              scaled to size 15.69594pt on input line 23.
File: figs/ecashlife.png Graphic file (type bmp)
<figs/ecashlife.png>


LaTeX Warning: Citation `Burdges2016' on page 8 undefined on input line 27.


LaTeX Warning: Citation `Burdges2016' on page 8 undefined on input line 27.

Missing character: There is no  in font [lmroman10-regular]/OT:script=latn;lan
guage=dflt;mapping=tex-text;!

LaTeX Warning: Citation `formal1' on page 8 undefined on input line 31.


LaTeX Warning: Citation `nature15' on page 8 undefined on input line 31.


LaTeX Warning: Citation `Burdges2016' on page 8 undefined on input line 31.


LaTeX Warning: Citation `fedimint' on page 8 undefined on input line 31.


LaTeX Warning: Citation `bis976' on page 8 undefined on input line 32.

[8]

LaTeX Warning: Citation `sakiz2022' on page 9 undefined on input line 34.


LaTeX Warning: Citation `europol' on page 9 undefined on input line 36.


LaTeX Warning: Citation `bis976' on page 9 undefined on input line 36.


LaTeX Warning: Citation `bis101' on page 9 undefined on input line 39.


LaTeX Warning: Citation `bis976' on page 9 undefined on input line 39.


LaTeX Warning: Citation `stanley22' on page 9 undefined on input line 39.


LaTeX Warning: Citation `digirial' on page 9 undefined on input line 49.


LaTeX Warning: Citation `sand19' on page 9 undefined on input line 51.


LaTeX Warning: Citation `enaira' on page 9 undefined on input line 53.


LaTeX Warning: Citation `ekrona1' on page 9 undefined on input line 55.


LaTeX Warning: Citation `ekrona2' on page 9 undefined on input line 55.


LaTeX Warning: Citation `ecny' on page 9 undefined on input line 57.


LaTeX Warning: Citation `aber' on page 9 undefined on input line 59.


LaTeX Warning: Citation `bis101' on page 9 undefined on input line 64.


LaTeX Warning: Citation `bis976' on page 9 undefined on input line 64.


LaTeX Warning: Citation `isaacson2022examination' on page 9 undefined on input 
line 64.


Overfull \hbox (1.70615pt too wide) in paragraph at lines 39--65
[]\TU/XBNiloofar(0)/m/n/12          [[]
].      []
 []

[9] [10]

LaTeX Warning: Citation `imfwp20' on page 11 undefined on input line 69.


LaTeX Warning: Citation `imfwp20' on page 11 undefined on input line 69.

[11]

LaTeX Warning: Citation `cashlike' on page 12 undefined on input line 96.


LaTeX Warning: Citation `darbha2022archetypes' on page 12 undefined on input li
ne 96.


LaTeX Warning: Citation `design20' on page 12 undefined on input line 96.


LaTeX Warning: Citation `ksi21' on page 12 undefined on input line 102.


LaTeX Warning: Citation `ecny' on page 12 undefined on input line 102.


LaTeX Warning: Citation `libra' on page 12 undefined on input line 105.


LaTeX Warning: Citation `bis976' on page 12 undefined on input line 106.


LaTeX Warning: Citation `corda' on page 12 undefined on input line 106.

[12]

LaTeX Warning: Citation `iota' on page 13 undefined on input line 109.


LaTeX Warning: Citation `toda' on page 13 undefined on input line 111.

[13]

LaTeX Warning: Citation `garratt2020token' on page 14 undefined on input line 1
15.

[14]

LaTeX Warning: Citation `model21' on page 15 undefined on input line 117.

[15]

LaTeX Warning: Citation `Aboud2014' on page 16 undefined on input line 141.


LaTeX Warning: Citation `ecashsurvey' on page 16 undefined on input line 144.


LaTeX Warning: Citation `design20' on page 16 undefined on input line 144.


Overfull \hbox (13.52533pt too wide) in paragraph at lines 148--149
[][]\TU/XBNiloofar(0)/b/n/12    \TU/XBNiloofar(0)/m/n/12 
:       .   []
 []

[16]

LaTeX Warning: Citation `Davida2015' on page 17 undefined on input line 151.


LaTeX Font Warning: Command \small invalid in math mode on input line 153.


LaTeX Font Warning: Command \small invalid in math mode on input line 154.


LaTeX Warning: Citation `hasham19' on page 17 undefined on input line 160.


LaTeX Warning: Citation `ctact' on page 17 undefined on input line 160.


LaTeX Warning: Citation `ctfact' on page 17 undefined on input line 160.

[17]

LaTeX Warning: Citation `ojih2022crypto' on page 18 undefined on input line 162
.


LaTeX Warning: Citation `panopt' on page 18 undefined on input line 164.


LaTeX Warning: Citation `sudo2020' on page 18 undefined on input line 164.


LaTeX Warning: Citation `validity22' on page 18 undefined on input line 164.


LaTeX Warning: Citation `mitinclusion' on page 18 undefined on input line 167.

[18]
File: figs/audit.png Graphic file (type bmp)
<figs/audit.png>


LaTeX Warning: Citation `stella4' on page 19 undefined on input line 171.


LaTeX Warning: Citation `stella4' on page 19 undefined on input line 171.


LaTeX Warning: Citation `stella4' on page 19 undefined on input line 174.

[19]

LaTeX Warning: Citation `Davida2015' on page 20 undefined on input line 176.


LaTeX Warning: Citation `chatzigiannis2023privacy' on page 20 undefined on inpu
t line 182.

) [20] [21]
\openout2 = `chapters/literature.aux'.

 (chapters/literature.tex
 3.

LaTeX Warning: Citation `idemia22' on page 22 undefined on input line 9.


LaTeX Warning: Citation `chu2022review' on page 22 undefined on input line 9.


LaTeX Warning: Citation `rbi' on page 22 undefined on input line 9.


LaTeX Warning: Citation `upi123' on page 22 undefined on input line 9.


LaTeX Warning: Citation `Blokzijl2021' on page 22 undefined on input line 9.

[22




]

LaTeX Warning: Citation `validity22' on page 23 undefined on input line 15.


LaTeX Warning: Citation `chaum1988untraceable' on page 23 undefined on input li
ne 15.


LaTeX Warning: Citation `chaum1992wallet' on page 23 undefined on input line 15
.

[23]

LaTeX Warning: Citation `Marinov2022' on page 24 undefined on input line 20.


LaTeX Warning: Citation `luo2018offline' on page 24 undefined on input line 20.



LaTeX Warning: Citation `baldimtsi2015anonymous' on page 24 undefined on input 
line 20.


LaTeX Warning: Citation `izabachene2013divisible' on page 24 undefined on input
 line 20.

[24]

LaTeX Warning: Citation `microm2006' on page 25 undefined on input line 22.


LaTeX Warning: Citation `manasse1995millicent' on page 25 undefined on input li
ne 22.


LaTeX Warning: Citation `bellare1995ikp' on page 25 undefined on input line 22.


[25]

LaTeX Warning: Citation `EMVCo2022' on page 26 undefined on input line 31.


LaTeX Warning: Citation `observer' on page 26 undefined on input line 31.

File: figs/observer.pdf Graphic file (type pdf)
<use figs/observer.pdf>

LaTeX Warning: Citation `crypto1' on page 26 undefined on input line 37.


LaTeX Warning: Citation `crypto2' on page 26 undefined on input line 37.


LaTeX Warning: Citation `hong22' on page 26 undefined on input line 37.


LaTeX Warning: Citation `whisper' on page 26 undefined on input line 37.


LaTeX Warning: Citation `velo' on page 26 undefined on input line 37.


LaTeX Warning: Citation `idemia22' on page 26 undefined on input line 37.


LaTeX Warning: Citation `daza2015frodo' on page 26 undefined on input line 37.

[26]

LaTeX Warning: Citation `validity22' on page 27 undefined on input line 39.


LaTeX Warning: Citation `toward12' on page 27 undefined on input line 39.


Overfull \hbox (2.79776pt too wide) in paragraph at lines 39--40
[][]\TU/XBNiloofar(0)/m/n/12         
        []
 []


LaTeX Warning: Citation `bisoffhand2023' on page 27 undefined on input line 43.



LaTeX Warning: Citation `voucher' on page 27 undefined on input line 43.


LaTeX Warning: Citation `soda' on page 27 undefined on input line 43.

[27] [28]

LaTeX Warning: Citation `nirvana' on page 29 undefined on input line 51.


LaTeX Warning: Citation `Blokzijl2021' on page 29 undefined on input line 51.


LaTeX Warning: Citation `blockwall23' on page 29 undefined on input line 51.


LaTeX Warning: Citation `kurt2023lnmesh' on page 29 undefined on input line 51.



LaTeX Warning: Citation `ibm20214' on page 29 undefined on input line 54.


LaTeX Warning: Citation `stella4' on page 29 undefined on input line 54.


LaTeX Warning: Citation `sudo2020' on page 29 undefined on input line 54.


LaTeX Warning: Citation `summarize' on page 29 undefined on input line 54.


LaTeX Warning: Citation `corda' on page 29 undefined on input line 58.

[29]

LaTeX Warning: Citation `quorum' on page 30 undefined on input line 62.


LaTeX Warning: Citation `ben2014succinct' on page 30 undefined on input line 62
.

[30]
File: figs/pet.png Graphic file (type bmp)
<figs/pet.png>


LaTeX Warning: Citation `stella4' on page 31 undefined on input line 76.


LaTeX Warning: Citation `stella4' on page 31 undefined on input line 76.


LaTeX Warning: Citation `sudo2020' on page 31 undefined on input line 79.


LaTeX Warning: Citation `aucbdc' on page 31 undefined on input line 79.


LaTeX Warning: Citation `ecny' on page 31 undefined on input line 79.

[31]

LaTeX Warning: Citation `mitinclusion' on page 32 undefined on input line 83.


LaTeX Warning: Citation `kurshan2020graph' on page 32 undefined on input line 8
6.


LaTeX Warning: Citation `chatzigiannis2023privacy' on page 32 undefined on inpu
t line 86.

[32]

LaTeX Warning: Citation `fatf40' on page 33 undefined on input line 91.


LaTeX Warning: Citation `bisoffhand2023' on page 33 undefined on input line 91.



Overfull \hbox (5.79889pt too wide) in paragraph at lines 94--95
[][]\TU/XBNiloofar(0)/m/n/12        
      []
 []


LaTeX Warning: Citation `da2023legal' on page 33 undefined on input line 98.


LaTeX Warning: Citation `Au2011' on page 33 undefined on input line 100.


LaTeX Warning: Citation `chaum1988untraceable' on page 33 undefined on input li
ne 100.


LaTeX Warning: Citation `soda' on page 33 undefined on input line 100.


LaTeX Warning: Citation `utt' on page 33 undefined on input line 100.


LaTeX Warning: Citation `peredi' on page 33 undefined on input line 100.


LaTeX Warning: Citation `peredi' on page 33 undefined on input line 110.


LaTeX Warning: Citation `Blokzijl2021' on page 33 undefined on input line 112.


LaTeX Warning: Citation `goodell2021digital' on page 33 undefined on input line
 114.


LaTeX Warning: Citation `idemia22' on page 33 undefined on input line 116.


LaTeX Warning: Citation `dogan2023kaime' on page 33 undefined on input line 118
.


LaTeX Warning: Citation `utt' on page 33 undefined on input line 120.


LaTeX Warning: Citation `soda' on page 33 undefined on input line 122.


LaTeX Warning: Citation `Au2011' on page 33 undefined on input line 124.


LaTeX Warning: Citation `anonecash11' on page 33 undefined on input line 126.


LaTeX Warning: Citation `crypto2' on page 33 undefined on input line 128.


LaTeX Warning: Citation `kurt2023lnmesh' on page 33 undefined on input line 130
.

[33]) [34] [35]
\openout2 = `chapters/solution.aux'.

 (chapters/solution.tex
 4.

LaTeX Warning: Citation `reason1990contribution' on page 36 undefined on input 
line 3.


LaTeX Warning: Citation `opencbdc' on page 36 undefined on input line 7.


LaTeX Warning: Citation `hyper' on page 36 undefined on input line 7.

[36




]

LaTeX Warning: Citation `p2p' on page 37 undefined on input line 9.

File: figs//overview.pdf Graphic file (type pdf)
<use figs//overview.pdf>
[37] [38] [39] [40] [41] [42]

LaTeX Font Warning: Command \small invalid in math mode on input line 70.


LaTeX Font Warning: Command \small invalid in math mode on input line 71.


LaTeX Font Warning: Command \small invalid in math mode on input line 72.

[43]

LaTeX Font Warning: Command \small invalid in math mode on input line 73.

[44]

LaTeX Font Warning: Command \small invalid in math mode on input line 88.


LaTeX Font Warning: Command \small invalid in math mode on input line 89.

[45]
File: figs//protocol1.pdf Graphic file (type pdf)
<use figs//protocol1.pdf>
LaTeX Font Info:    Font shape `TU/XBNiloofar(0)/m/it' will be
(Font)              scaled to size 13.07996pt on input line 97.


LaTeX Warning: Reference `:     ' on page 46 und
efined on input line 101.

Package hyperref Info: bookmark level for unknown algorithm defaults to 0 on in
put line 102.
[46] [47]

LaTeX Warning: Citation `Pagnia1999OnTI' on page 48 undefined on input line 125
.

[48]
LaTeX Font Info:    Font shape `TU/XBNiloofar(0)/m/n' will be
(Font)              scaled to size 6.53998pt on input line 135.
 [49]

LaTeX Warning: Citation `bloom1970space' on page 50 undefined on input line 151
.

[50]
File: figs//activity.pdf Graphic file (type pdf)
<use figs//activity.pdf>
) [51] [52]
\openout2 = `chapters/results.aux'.

 (chapters/results.tex
 5.

LaTeX Warning: Citation `klugl2012agent' on page 53 undefined on input line 7.


LaTeX Warning: Citation `vardanyan2023central' on page 53 undefined on input li
ne 7.


LaTeX Warning: Citation `martens2021adoption' on page 53 undefined on input lin
e 7.


LaTeX Warning: Citation `chan2017abba' on page 53 undefined on input line 7.

[53




] [54]
File: figs//abm.png Graphic file (type bmp)
<figs//abm.png>
 [55] [56]

LaTeX Warning: Citation `baladapi' on page 57 undefined on input line 46.


LaTeX Warning: Citation `shaparakrep' on page 57 undefined on input line 46.

[57]

LaTeX Warning: Citation `elkhodr2016emerging' on page 58 undefined on input lin
e 50.

[58]
File: figs/shaparak.png Graphic file (type bmp)
<figs/shaparak.png>


LaTeX Warning: `h' float specifier changed to `ht'.

[59]

LaTeX Warning: Citation `python-mesa-2020' on page 60 undefined on input line 8
3.


LaTeX Warning: Citation `omohundro1989five' on page 60 undefined on input line 
85.


LaTeX Warning: Citation `senfiway2pay' on page 60 undefined on input line 93.

[60] [61]
Overfull \hbox (5.6765pt too wide) in paragraph at lines 117--119
[]\TU/XBNiloofar(0)/m/n/12  [][][][][][]\TU/XBNiloofar(1)/m/n/12 \TU/XBNilo
ofar(0)/m/n/12 -\TU/XBNiloofar(1)/m/n/12 \TU/XBNiloofar(0)/m/n/12 -\TU/XBNil
oofar(1)/m/n/12 [][][][][][] \TU/XBNiloofar(0)/m/n/12   .  
        []
 []


LaTeX Font Warning: Command \small invalid in math mode on input line 119.


LaTeX Font Warning: Command \small invalid in math mode on input line 120.


LaTeX Font Warning: Command \small invalid in math mode on input line 121.


LaTeX Font Warning: Command \small invalid in math mode on input line 122.

[62]
File: figs/attackration.pdf Graphic file (type pdf)
<use figs/attackration.pdf>


LaTeX Warning: `h' float specifier changed to `ht'.

File: figs/prevention.png Graphic file (type bmp)
<figs/prevention.png>
[63]

LaTeX Warning: `h' float specifier changed to `ht'.


LaTeX Warning: Reference `' on page 64 undefined on input line 147.


LaTeX Font Warning: Command \small invalid in math mode on input line 150.

) [64] [65] [66]
\openout2 = `chapters/conclusions.aux'.

 (chapters/conclusions.tex
 6.
)
Overfull \hbox (3.03673pt too wide) in paragraph at lines 12--64
[]\TU/XBNiloofar(0)/m/n/12 lem of trust. The purpose of reputation-based trust 
is to make trust decisions through[]
 []

[67




] (bibs/bibs.tex (thesis.bbl))
\openout2 = `front/dictionary.aux'.

 (front/dictionary.tex
LaTeX Font Info:    Font shape `TU/XBNiloofar(1)/m/n' will be
(Font)              scaled to size 11.93546pt on input line 6.
LaTeX Font Info:    Font shape `TU/XBNiloofar(1)/bx/n' in size <10.95> not avai
lable
(Font)              Font shape `TU/XBNiloofar(1)/b/n' tried instead on input li
ne 6.
LaTeX Font Info:    Font shape `TU/XBNiloofar(1)/b/n' will be
(Font)              scaled to size 11.93546pt on input line 6.
LaTeX Font Info:    Font shape `TU/XBNiloofar(1)/m/it' will be
(Font)              scaled to size 11.93546pt on input line 6.

Overfull \hbox (18.0pt too wide) in paragraph at lines 6--12
[][]$[]$[]
 []


Underfull \hbox (badness 10000) in paragraph at lines 6--12
[][]
 []


Overfull \hbox (18.0pt too wide) in paragraph at lines 13--25
[][]$[]$[]
 []


Underfull \hbox (badness 10000) in paragraph at lines 13--25
[][]
 []


Overfull \hbox (18.0pt too wide) in paragraph at lines 26--38
[][]$[]$[]
 []


Underfull \hbox (badness 10000) in paragraph at lines 26--38
[][]
 []


Overfull \hbox (18.0pt too wide) in paragraph at lines 39--41
[][]$[]$[]
 []


Underfull \hbox (badness 10000) in paragraph at lines 39--41
[][]
 []


Overfull \hbox (18.0pt too wide) in paragraph at lines 42--44
[][]$[]$[]
 []


Underfull \hbox (badness 10000) in paragraph at lines 42--44
[][]
 []


Overfull \hbox (18.0pt too wide) in paragraph at lines 45--47
[][]$[]$[]
 []


Underfull \hbox (badness 10000) in paragraph at lines 45--47
[][]
 []


Overfull \hbox (18.0pt too wide) in paragraph at lines 48--53
[][]$[]$[]
 []


Underfull \hbox (badness 10000) in paragraph at lines 48--53
[][]
 []

[68





]
Overfull \hbox (18.0pt too wide) in paragraph at lines 54--56
[][]$[]$[]
 []


Underfull \hbox (badness 10000) in paragraph at lines 54--56
[][]
 []


Overfull \hbox (18.0pt too wide) in paragraph at lines 57--65
[][]$[]$[]
 []


Underfull \hbox (badness 10000) in paragraph at lines 57--65
[][]
 []


Overfull \hbox (18.0pt too wide) in paragraph at lines 66--68
[][]$[]$[]
 []


Underfull \hbox (badness 10000) in paragraph at lines 66--68
[][]
 []


Overfull \hbox (18.0pt too wide) in paragraph at lines 69--73
[][]$[]$[]
 []


Underfull \hbox (badness 10000) in paragraph at lines 69--73
[][]
 []


Overfull \hbox (18.0pt too wide) in paragraph at lines 74--78
[][]$[]$[]
 []


Underfull \hbox (badness 10000) in paragraph at lines 74--78
[][]
 []


Overfull \hbox (18.0pt too wide) in paragraph at lines 79--81
[][]$[]$[]
 []


Underfull \hbox (badness 10000) in paragraph at lines 79--81
[][]
 []


Overfull \hbox (18.0pt too wide) in paragraph at lines 82--84
[][]$[]$[]
 []


Underfull \hbox (badness 10000) in paragraph at lines 82--84
[][]
 []


Overfull \hbox (18.0pt too wide) in paragraph at lines 85--89
[][]$[]$[]
 []


Underfull \hbox (badness 10000) in paragraph at lines 85--89
[][]
 []


Overfull \hbox (18.0pt too wide) in paragraph at lines 90--93
[][]$[]$[]
 []


Underfull \hbox (badness 10000) in paragraph at lines 90--93
[][]
 []


Overfull \hbox (18.0pt too wide) in paragraph at lines 94--98
[][]$[]$[]
 []


Underfull \hbox (badness 10000) in paragraph at lines 94--98
[][]
 []


Overfull \hbox (18.0pt too wide) in paragraph at lines 99--101
[][]$[]$[]
 []


Underfull \hbox (badness 10000) in paragraph at lines 99--101
[][]
 []


Overfull \hbox (18.0pt too wide) in paragraph at lines 102--114
[][]$[]$[]
 []


Underfull \hbox (badness 10000) in paragraph at lines 102--114
[][]
 []

[69]
Overfull \hbox (18.0pt too wide) in paragraph at lines 115--117
[][]$[]$[]
 []


Underfull \hbox (badness 10000) in paragraph at lines 115--117
[][]
 []


Overfull \hbox (18.0pt too wide) in paragraph at lines 118--120
[][]$[]$[]
 []


Underfull \hbox (badness 10000) in paragraph at lines 118--120
[][]
 []


Overfull \hbox (18.0pt too wide) in paragraph at lines 121--125
[][]$[]$[]
 []


Underfull \hbox (badness 10000) in paragraph at lines 121--125
[][]
 []


Overfull \hbox (18.0pt too wide) in paragraph at lines 126--132
[][]$[]$[]
 []


Underfull \hbox (badness 10000) in paragraph at lines 126--132
[][]
 []


Overfull \hbox (18.0pt too wide) in paragraph at lines 133--135
[][]$[]$[]
 []


Underfull \hbox (badness 10000) in paragraph at lines 133--135
[][]
 []


Overfull \hbox (18.0pt too wide) in paragraph at lines 136--141
[][]$[]$[]
 []


Underfull \hbox (badness 10000) in paragraph at lines 136--141
[][]
 []


Overfull \hbox (18.0pt too wide) in paragraph at lines 142--144
[][]$[]$[]
 []


Underfull \hbox (badness 10000) in paragraph at lines 142--144
[][]
 []


Overfull \hbox (18.0pt too wide) in paragraph at lines 145--147
[][]$[]$[]
 []


Underfull \hbox (badness 10000) in paragraph at lines 145--147
[][]
 []

[70])
\openout2 = `front/dictionary_en.aux'.

 (front/dictionary_en.tex
Overfull \hbox (18.0pt too wide) in paragraph at lines 7--11
[][]$[]$[]
 []


Underfull \hbox (badness 10000) in paragraph at lines 7--11
[][]
 []


Overfull \hbox (18.0pt too wide) in paragraph at lines 12--16
[][]$[]$[]
 []


Underfull \hbox (badness 10000) in paragraph at lines 12--16
[][]
 []


Overfull \hbox (18.0pt too wide) in paragraph at lines 17--30
[][]$[]$[]
 []


Underfull \hbox (badness 10000) in paragraph at lines 17--30
[][]
 []


Overfull \hbox (18.0pt too wide) in paragraph at lines 31--38
[][]$[]$[]
 []


Underfull \hbox (badness 10000) in paragraph at lines 31--38
[][]
 []


Overfull \hbox (18.0pt too wide) in paragraph at lines 39--43
[][]$[]$[]
 []


Underfull \hbox (badness 10000) in paragraph at lines 39--43
[][]
 []


Overfull \hbox (18.0pt too wide) in paragraph at lines 44--50
[][]$[]$[]
 []


Underfull \hbox (badness 10000) in paragraph at lines 44--50
[][]
 []


Overfull \hbox (18.0pt too wide) in paragraph at lines 51--53
[][]$[]$[]
 []


Underfull \hbox (badness 10000) in paragraph at lines 51--53
[][]
 []

[71




]
Overfull \hbox (18.0pt too wide) in paragraph at lines 54--58
[][]$[]$[]
 []


Underfull \hbox (badness 10000) in paragraph at lines 54--58
[][]
 []


Overfull \hbox (18.0pt too wide) in paragraph at lines 59--61
[][]$[]$[]
 []


Underfull \hbox (badness 10000) in paragraph at lines 59--61
[][]
 []


Overfull \hbox (18.0pt too wide) in paragraph at lines 62--64
[][]$[]$[]
 []


Underfull \hbox (badness 10000) in paragraph at lines 62--64
[][]
 []


Overfull \hbox (18.0pt too wide) in paragraph at lines 65--71
[][]$[]$[]
 []


Underfull \hbox (badness 10000) in paragraph at lines 65--71
[][]
 []


Overfull \hbox (18.0pt too wide) in paragraph at lines 72--77
[][]$[]$[]
 []


Underfull \hbox (badness 10000) in paragraph at lines 72--77
[][]
 []


Overfull \hbox (18.0pt too wide) in paragraph at lines 78--83
[][]$[]$[]
 []


Underfull \hbox (badness 10000) in paragraph at lines 78--83
[][]
 []


Overfull \hbox (18.0pt too wide) in paragraph at lines 84--98
[][]$[]$[]
 []


Underfull \hbox (badness 10000) in paragraph at lines 84--98
[][]
 []


Overfull \hbox (18.0pt too wide) in paragraph at lines 99--101
[][]$[]$[]
 []


Underfull \hbox (badness 10000) in paragraph at lines 99--101
[][]
 []


Overfull \hbox (18.0pt too wide) in paragraph at lines 102--106
[][]$[]$[]
 []


Underfull \hbox (badness 10000) in paragraph at lines 102--106
[][]
 []


Overfull \hbox (18.0pt too wide) in paragraph at lines 107--117
[][]$[]$[]
 []


Underfull \hbox (badness 10000) in paragraph at lines 107--117
[][]
 []

[72]
Overfull \hbox (18.0pt too wide) in paragraph at lines 118--123
[][]$[]$[]
 []


Underfull \hbox (badness 10000) in paragraph at lines 118--123
[][]
 []


Overfull \hbox (18.0pt too wide) in paragraph at lines 124--128
[][]$[]$[]
 []


Underfull \hbox (badness 10000) in paragraph at lines 124--128
[][]
 []


Overfull \hbox (18.0pt too wide) in paragraph at lines 129--131
[][]$[]$[]
 []


Underfull \hbox (badness 10000) in paragraph at lines 129--131
[][]
 []


Overfull \hbox (18.0pt too wide) in paragraph at lines 132--135
[][]$[]$[]
 []


Underfull \hbox (badness 10000) in paragraph at lines 132--135
[][]
 []


Overfull \hbox (18.0pt too wide) in paragraph at lines 136--138
[][]$[]$[]
 []


Underfull \hbox (badness 10000) in paragraph at lines 136--138
[][]
 []

[73])
*geometry* verbose mode - [ newgeometry ] result:
* driver: xetex
* paper: a4paper
* layout: <same size as paper>
* layoutoffset:(h,v)=(0.0pt,0.0pt)
* modes: 
* h-part:(L,W,R)=(85.35826pt, 441.01773pt, 71.13188pt)
* v-part:(T,H,B)=(101.40665pt, 591.5302pt, 152.11pt)
* \paperwidth=597.50787pt
* \paperheight=845.04684pt
* \textwidth=441.01773pt
* \textheight=591.5302pt
* \oddsidemargin=13.08827pt
* \evensidemargin=13.08827pt
* \topmargin=-2.73714pt
* \headheight=12.0pt
* \headsep=19.8738pt
* \topskip=12.0pt
* \footskip=28.90755pt
* \marginparwidth=38.0pt
* \marginparsep=7.0pt
* \columnsep=10.0pt
* \skip\footins=10.8pt plus 4.0pt minus 2.0pt
* \hoffset=0.0pt
* \voffset=0.0pt
* \mag=1000
* \@twocolumnfalse
* \@twosidefalse
* \@mparswitchfalse
* \@reversemarginfalse
* (1in=72.27pt=25.4mm, 1cm=28.453pt)

\openout2 = `front/abstract-eng.aux'.

 (front/abstract-eng.tex) [74




]
\openout2 = `front/template/title-eng.aux'.

 (front/template/title-eng.tex
File: front/template/images/logo.png Graphic file (type bmp)
<front/template/images/logo.png>
) [75



]
(thesis.aux (front/info.aux) (front/template/title.aux) (front/abstract.aux)
(chapters/introduction.aux) (chapters/preliminaries.aux)
(chapters/literature.aux) (chapters/solution.aux) (chapters/results.aux)
(chapters/conclusions.aux) (front/dictionary.aux) (front/dictionary_en.aux)
(front/abstract-eng.aux) (front/template/title-eng.aux))

LaTeX Warning: There were undefined references.


LaTeX Warning: Label(s) may have changed. Rerun to get cross-references right.

Package rerunfilecheck Info: File `thesis.out' has not changed.
(rerunfilecheck)             Checksum: BACF6E8073151C4FE49A44E83DC5EEF6;10131.
 ) 
Here is how much of TeX's memory you used:
 33838 strings out of 410532
 668156 string characters out of 2813502
 1120797 words of memory out of 3000000
 54191 multiletter control sequences out of 15000+600000
 478119 words of font info for 137 fonts, out of 8000000 for 9000
 1348 hyphenation exceptions out of 8191
 92i,20n,120p,2096b,941s stack positions out of 10000i,1000n,20000p,200000b,80000s

Output written on thesis.pdf (82 pages).
